2022-10-16 16:01:57,144 - qtpyvcp - INFO - Logging to /home/forgedauthority/linuxcnc/configs/config/probe_basic/sim.log
2022-10-16 16:01:57,145 - qtpyvcp - INFO - QtPyVCP Version: python3_master+306.g93e8344f
2022-10-16 16:01:57,210 - qtpyvcp - DEBUG - Qt Version: 5.15.2
2022-10-16 16:01:57,210 - qtpyvcp - DEBUG - Qt API: QT_API
2022-10-16 16:01:57,210 - qtpyvcp - DEBUG - QtPy Version: 2.2.1
2022-10-16 16:01:57,210 - qtpyvcp - DEBUG - Command line options:
{
    "command_line_args": null,
    "config_file": "/home/forgedauthority/linuxcnc/configs/config/probe_basic/custom_config.yml",
    "confirm_exit": false,
    "develop": false,
    "fullscreen": null,
    "help": false,
    "hide_cursor": false,
    "hide_menu_bar": false,
    "hide_status_bar": false,
    "info": false,
    "ini": "/home/forgedauthority/linuxcnc/configs/config/probe_basic/probe_basic.ini",
    "log_file": "/home/forgedauthority/linuxcnc/configs/config/probe_basic/sim.log",
    "log_level": "DEBUG",
    "maximize": null,
    "perfmon": false,
    "position": "0x0",
    "qt_api": null,
    "size": null,
    "stylesheet": null,
    "theme": null,
    "version": false
}
2022-10-16 16:01:57,303 - qtpyvcp.utilities.config_loader - DEBUG - Loading config files: ['/home/forgedauthority/linuxcnc/configs/config/probe_basic/custom_config.yml', '/home/forgedauthority/dev/probe_basic/probe_basic/probe_basic.yml', '/home/forgedauthority/dev/qtpyvcp/qtpyvcp/yaml_lib/default_config.yml']
2022-10-16 16:01:57,886 - qtpyvcp.utilities.config_loader - DEBUG - Merged YAML config:

default_menubar:
- title: File
  items:
  - title: '&Open ...'
    action: win.openFile
    shortcut: ctrl+o
  - title: '&Recent Files'
    provider: qtpyvcp.widgets.recent_files_menu:RecentFilesMenu
  - title: '&Reload'
    action: program.reload
  - title: '&Close'
    action: program.clear
  - title: Save &As
    action: null
  - separator
  - title: Edit ToolTable
    action: win.showDialog
    args:
    - tool_edit
  - separator
  - title: Exit
    action: app.exit
    shortcut: ctrl+q
- title: Machine
  items:
  - title: Toggle E-Stop
    action: machine.estop.toggle
    shortcut: F1
  - title: Toggle Power
    action: machine.power.toggle
    shortcut: F2
  - separator
  - title: Run Program
    action: program.run
    shortcut: R
  - title: Step
    action: program.step
    shortcut: T
  - title: Pause
    action: program.pause
    shortcut: P
  - title: Resume
    action: program.resume
    shortcut: R
  - title: Abort
    action: program.abort
    shortcut: esc
  - title: Optional Stop
    action: program.optional_stop.toggle
  - title: Optional Skip
    action: program.optional_skip.toggle
  - separator
  - title: Homing
    provider: qtpyvcp.widgets.menus.homing_menu:HomingMenu
  - title: Cooling
    items:
    - title: Flood
      action: coolant.flood.toggle
      shortcut: F7
    - title: Mist
      action: coolant.mist.toggle
      shortcut: F8
  - title: Set Work Offsets
    action: win.showDialog
    args:
    - set_work_offsets
  - separator
  - title: Override Limits
    action: machine.override_limits
- title: Settings
  items:
  - title: Show On-screen Keyboard
    action: settings.virtual-input.enable
- title: View
  items:
  - title: Show Gridlines
    action: settings.backplot.show-grid
  - separator
  - title: Show Machine Bounds
    action: settings.backplot.show-machine-bounds
  - title: Show Machine Labels
    action: settings.backplot.show-machine-labels
  - title: Show Machine Ticks
    action: settings.backplot.show-machine-ticks
  - separator
  - title: Show Program Bounds
    action: settings.backplot.show-program-bounds
  - title: Use Colors for Motion type
    action: settings.backplot.multitool-colors
  - separator
  - title: Perspective View
    action: settings.backplot.perspective-view
  - title: View Angle
    action: settings.backplot.view
- title: Tools
  items:
  - title: HAL Meter
    action: tool.halmeter
  - title: HAL Scope
    action: tool.halscope
  - title: HAL Show
    action: tool.halshow
  - title: LCNC Status
    action: tool.status
  - title: Calibration
    action: tool.calibration
  - title: Classicladder PLC
    action: tool.classicladder
  - title: Simulated Probe
    action: tool.simulate_probe
- title: About
  items:
  - title: About QtPyVCP
    action: win.showDialog
    args:
    - about_qtpyvcp
  - title: About Qt
    action: app.aboutQt
vcp:
  name: Probe Basic
  version: v0.0.1
  author: Chris Polanski
  description: Probe Basic description ...
windows:
  mainwindow:
    provider: probe_basic.probe_basic:ProbeBasic
    kwargs:
      menu: &id001
      - title: File
        items:
        - title: '&Open ...'
          action: win.openFile
          shortcut: ctrl+o
        - title: '&Recent Files'
          provider: qtpyvcp.widgets.recent_files_menu:RecentFilesMenu
        - title: '&Reload'
          action: program.reload
        - title: '&Close'
          action: program.clear
        - title: Save &As
          action: null
        - separator
        - title: Exit
          action: app.exit
          shortcut: ctrl+q
      - title: Machine
        items:
        - title: Toggle E-Stop
          action: machine.estop.toggle
          shortcut: F1
        - title: Toggle Power
          action: machine.power.toggle
          shortcut: F2
        - separator
        - title: Run Program
          action: program.run
          shortcut: R
        - title: Step
          action: program.step
          shortcut: T
        - title: Pause
          action: program.pause
          shortcut: P
        - title: Resume
          action: program.resume
          shortcut: R
        - title: Abort
          action: program.abort
          shortcut: esc
        - title: Optional Stop
          action: program.optional_stop.toggle
        - title: Optional Skip
          action: program.optional_skip.toggle
        - separator
        - title: Homing
          provider: qtpyvcp.widgets.menus.homing_menu:HomingMenu
        - title: Cooling
          items:
          - title: Flood
            action: coolant.flood.toggle
            shortcut: F7
          - title: Mist
            action: coolant.mist.toggle
            shortcut: F8
        - title: Set Work Offsets
          action: win.showDialog
          args:
          - set_work_offsets
        - separator
        - title: Override Limits
          action: machine.override_limits
      - title: Settings
        items:
        - title: Show On-screen Keyboard
          action: settings.virtual-input.enable
      - title: View
        items:
        - title: Show Gridlines
          action: settings.backplot.show-grid
        - separator
        - title: Show Machine Bounds
          action: settings.backplot.show-machine-bounds
        - title: Show Machine Labels
          action: settings.backplot.show-machine-labels
        - title: Show Machine Ticks
          action: settings.backplot.show-machine-ticks
        - separator
        - title: Show Program Bounds
          action: settings.backplot.show-program-bounds
        - title: Show Program Labels
          action: settings.backplot.show-program-labels
        - title: Show Program Ticks
          action: settings.backplot.show-program-ticks
        - separator
        - title: Perspective View
          action: settings.backplot.perspective-view
        - title: View Angle
          action: settings.backplot.view
      - title: Tools
        items:
        - title: HAL Meter
          action: tool.halmeter
        - title: HAL Scope
          action: tool.halscope
        - title: HAL Show
          action: tool.halshow
        - title: LCNC Status
          action: tool.status
        - title: Calibration
          action: tool.calibration
        - title: Classicladder PLC
          action: tool.classicladder
      - title: About
        items:
        - title: About Probe Basic
          action: win.showDialog
          args:
          - about_probebasic
        - title: About QtPyVCP
          action: win.showDialog
          args:
          - about_qtpyvcp
        - title: About Qt
          action: app.aboutQt
      fullscreen: true
      ui_file: /home/forgedauthority/dev/probe_basic/probe_basic/probe_basic.ui
      confirm_exit: false
data_plugins:
  status:
    provider: qtpyvcp.plugins.status:Status
    kwargs:
      cycle_time: 75
  persistent_data_manager:
    provider: qtpyvcp.plugins.persistent_data_manager:PersistentDataManager
    kwargs:
      serialization_method: pickle
  settings:
    provider: qtpyvcp.plugins.settings:Settings
  position:
    provider: qtpyvcp.plugins.positions:Position
    kwargs:
      report_actual_pos: true
      use_program_units: true
  tooltable:
    provider: qtpyvcp.plugins.tool_table:ToolTable
  offsettable:
    provider: qtpyvcp.plugins.offset_table:OffsetTable
  notifications:
    provider: qtpyvcp.plugins.notifications:Notifications
    kwargs:
      enabled: true
      mode: native
      max_messages: 5
      persistent: true
  file_locations:
    provider: qtpyvcp.plugins.file_locations:FileLocations
    log_level: debug
    kwargs:
      default_location: NC Files
      local_locations:
        Home: ~/
        Desktop: ~/Desktop
        NC Files: ~/linuxcnc/nc_files
      network_locations: null
    exportedhal:
      provider: qtpyvcp.plugins.exported_hal:ExportedHal
  virtual_input:
    provider: qtpyvcp.plugins.virtual_input_manager:VirtualInputManager
dialogs:
  open_file:
    provider: qtpyvcp.widgets.dialogs.open_file_dialog:OpenFileDialog
  set_work_offsets:
    provider: qtpyvcp.widgets.dialogs.offsets_dialog:OffsetsDialog
  tool_edit:
    provider: qtpyvcp.widgets.dialogs.tool_edit_dialog:ToolEditDialog
  probe_sim:
    provider: qtpyvcp.widgets.dialogs.probesim_dialog:ProbeSim
  about_qtpyvcp:
    provider: qtpyvcp.widgets.dialogs.about_dialog:AboutDialog
  about_probebasic:
    provider: qtpyvcp.widgets.dialogs.about_dialog:AboutDialog
    kwargs:
      ui_file: /home/forgedauthority/dev/probe_basic/probe_basic/about.ui
virtual_input_providers:
  number:
    provider: qtpyvcp.widgets.virtual_input.virtual_input:VirtualInput
    kwargs:
      ui_file: /home/forgedauthority/dev/qtpyvcp/qtpyvcp/yaml_lib/../widgets/virtual_input/numpad.ui
  text:
    provider: qtpyvcp.widgets.virtual_input.virtual_input:VirtualInput
    kwargs:
      ui_file: /home/forgedauthority/dev/qtpyvcp/qtpyvcp/yaml_lib/../widgets/virtual_input/keyboard.ui
application:
  provider: qtpyvcp.app.application:VCPApplication
  kwargs:
    stylesheet: /home/forgedauthority/dev/probe_basic/probe_basic/probe_basic.qss
    custom_fonts: /home/forgedauthority/dev/probe_basic/probe_basic/fonts
settings:
  touch-probe.diameter-offset:
    default_value: 0.123123
    persistent: true
    min_value: 0
    max_value: 1
  dro.display-units:
    default_value: 0
    options:
    - Auto
    - Inch
    - Metric
  dro.lathe-radius-mode:
    default_value: 0
    options:
    - Auto
    - Radius
    - Diameter
  dro.inch-format:
    default_value: '%9.4f'
    value_type: str
  dro.millimeter-format:
    default_value: '%9.3f'
    value_type: str
  dro.degree-format:
    default_value: '%9.2f'
  backplot.show-grid:
    default_value: false
  backplot.show-program-bounds:
    default_value: false
  backplot.show-machine-bounds:
    default_value: false
  backplot.show-machine-labels:
    default_value: false
  backplot.show-machine-ticks:
    default_value: false
  backplot.perspective-view:
    default_value: false
  backplot.view:
    default_value: P
    options:
    - 'X: Front View'
    - 'XZ: Lathe View'
    - 'XZ2: Lathe View'
    - 'Y: Front View'
    - 'Z: Top View'
    - 'Z2: Bottom View'
    - 'P: Isometric'
  backplot.multitool-colors:
    default_value: true
  touch-probe.calibration-offset:
    description: Probe trigger point offset.
    default_value: 0.0
    persistent: true
    min_value: 0
    max_value: 1
  probe-parameters.probe-tool-number:
    description: probe tool number.
    default_value: 0.0
    persistent: true
    min_value: 0
    max_value: 9999
  probe-parameters.step-off-width:
    description: probe step off width.
    default_value: 0.0
    persistent: true
    min_value: 0
    max_value: 1000
  probe-parameters.probe-fast-fr:
    description: probe fast feedrate.
    default_value: 0.0
    persistent: true
    min_value: 0
    max_value: 1000
  probe-parameters.probe-slow-fr:
    description: probe slow feedrate.
    default_value: 0.0
    persistent: true
    min_value: 0
    max_value: 1000
  probe-parameters.max-xy-distance:
    description: max x and y probe travel distance.
    default_value: 0.0
    persistent: true
    min_value: 0
    max_value: 100
  probe-parameters.xy-clearance:
    description: x and y clearance distance.
    default_value: 0.0
    persistent: true
    min_value: 0
    max_value: 1000
  probe-parameters.max-z-distance:
    description: max z probe travel distance.
    default_value: 0.0
    persistent: true
    min_value: 0
    max_value: 100
  probe-parameters.z-clearance:
    description: z clearance distance.
    default_value: 0.0
    persistent: true
    min_value: 0
    max_value: 1000
  probe-parameters.extra-probe-depth:
    description: extra probe depth.
    default_value: 0.0
    persistent: true
    min_value: 0
    max_value: 100
  probe-parameters.edge-width:
    description: edge width probing distance.
    default_value: 0.0
    persistent: true
    min_value: 0
    max_value: 1000
  tool-change-position.x-tool-change-position:
    description: x axis tool change position.
    default_value: 0.0
    persistent: true
    min_value: -1000
    max_value: 1000
  tool-change-position.y-tool-change-position:
    description: y axis tool change position.
    default_value: 0.0
    persistent: true
    min_value: -1000
    max_value: 1000
  tool-change-position.z-tool-change-position:
    description: z axis tool change position.
    default_value: 0.0
    persistent: true
    min_value: -1000
    max_value: 1000
  tool-setter-probe.fast-probe-fr:
    description: tool probe fast feedrate.
    default_value: 0.0
    persistent: true
    min_value: -1000
    max_value: 1000
  tool-setter-probe.slow-probe-fr:
    description: tool probe slow feedrate.
    default_value: 0.0
    persistent: true
    min_value: -1000
    max_value: 1000
  tool-setter-probe.z-max-travel:
    description: maximumm z travel while probing before erroring out.
    default_value: 0.0
    persistent: true
    min_value: -1000
    max_value: 1000
  tool-setter-probe.xy-max-travel:
    description: maximumm xy travel while probing before erroring out.
    default_value: 0.0
    persistent: true
    min_value: -1000
    max_value: 1000
  tool-setter-probe.retract-distance:
    description: distance tool retracts after fast probe move.
    default_value: 0.0
    persistent: true
    min_value: -1000
    max_value: 1000
  tool-setter-probe.spindle-nose-height:
    description: distance from home to tool setter for the spindle nose.
    default_value: 0.0
    persistent: true
    min_value: -1000
    max_value: 1000
  programmable-coolant.active:
    description: activates programmable coolant with 1 as entry.
    default_value: 0.0
    persistent: true
    min_value: 0
    max_value: 1
  programmable-coolant.spindle-to-nozzle-dist:
    description: horizontal distance from spindle centerline to nozzle centerline.
    default_value: 0.0
    persistent: true
    min_value: -1000
    max_value: 1000
  programmable-coolant.gaugeline-to-nozzle-dist:
    description: vertical distance from spindle centerline to nozzle centerline.
    default_value: 0.0
    persistent: true
    min_value: -1000
    max_value: 1000
  programmable-coolant.pc-angle-offset:
    description: coolant nozzle offset amount to adjust for distance, pressure, gravity.
    default_value: 0.0
    persistent: true
    min_value: -45
    max_value: 45
  io1.card-name:
    description: io card 1 name
    default_value: card one name
    persistent: true
  io1.in1:
    description: input name
    default_value: none
    persistent: true
  io1.in2:
    description: input name
    default_value: none
    persistent: true
  io1.in3:
    description: input name
    default_value: none
    persistent: true
  io1.in4:
    description: input name
    default_value: none
    persistent: true
  io1.in5:
    description: input name
    default_value: none
    persistent: true
  io1.in6:
    description: input name
    default_value: none
    persistent: true
  io1.in7:
    description: input name
    default_value: none
    persistent: true
  io1.in8:
    description: input name
    default_value: none
    persistent: true
  io1.in9:
    description: input name
    default_value: none
    persistent: true
  io1.in10:
    description: input name
    default_value: none
    persistent: true
  io1.in11:
    description: input name
    default_value: none
    persistent: true
  io1.in12:
    description: input name
    default_value: none
    persistent: true
  io1.in13:
    description: input name
    default_value: none
    persistent: true
  io1.in14:
    description: input name
    default_value: none
    persistent: true
  io1.in15:
    description: input name
    default_value: none
    persistent: true
  io1.in16:
    description: input name
    default_value: none
    persistent: true
  io1.in17:
    description: input name
    default_value: none
    persistent: true
  io1.in18:
    description: input name
    default_value: none
    persistent: true
  io1.in19:
    description: input name
    default_value: none
    persistent: true
  io1.in20:
    description: input name
    default_value: none
    persistent: true
  io1.in21:
    description: input name
    default_value: none
    persistent: true
  io1.in22:
    description: input name
    default_value: none
    persistent: true
  io1.in23:
    description: input name
    default_value: none
    persistent: true
  io1.in24:
    description: input name
    default_value: none
    persistent: true
  io1.in25:
    description: input name
    default_value: none
    persistent: true
  io1.in26:
    description: input name
    default_value: none
    persistent: true
  io1.in27:
    description: input name
    default_value: none
    persistent: true
  io1.in28:
    description: input name
    default_value: none
    persistent: true
  io1.in29:
    description: input name
    default_value: none
    persistent: true
  io1.in30:
    description: input name
    default_value: none
    persistent: true
  io1.in31:
    description: input name
    default_value: none
    persistent: true
  io1.in32:
    description: input name
    default_value: none
    persistent: true
  io1.out1:
    description: input name
    default_value: none
    persistent: true
  io1.out2:
    description: input name
    default_value: none
    persistent: true
  io1.out3:
    description: input name
    default_value: none
    persistent: true
  io1.out4:
    description: input name
    default_value: none
    persistent: true
  io1.out5:
    description: input name
    default_value: none
    persistent: true
  io1.out6:
    description: input name
    default_value: none
    persistent: true
  io1.out7:
    description: input name
    default_value: none
    persistent: true
  io1.out8:
    description: input name
    default_value: none
    persistent: true
  io1.out9:
    description: input name
    default_value: none
    persistent: true
  io1.out10:
    description: input name
    default_value: none
    persistent: true
  io1.out11:
    description: input name
    default_value: none
    persistent: true
  io1.out12:
    description: input name
    default_value: none
    persistent: true
  io1.out13:
    description: input name
    default_value: none
    persistent: true
  io1.out14:
    description: input name
    default_value: none
    persistent: true
  io1.out15:
    description: input name
    default_value: none
    persistent: true
  io1.out16:
    description: input name
    default_value: none
    persistent: true
  io2.card-name:
    description: io card 2 name
    default_value: card two name
    persistent: true
  io2.in1:
    description: input name
    default_value: none
    persistent: true
  io2.in2:
    description: input name
    default_value: none
    persistent: true
  io2.in3:
    description: input name
    default_value: none
    persistent: true
  io2.in4:
    description: input name
    default_value: none
    persistent: true
  io2.in5:
    description: input name
    default_value: none
    persistent: true
  io2.in6:
    description: input name
    default_value: none
    persistent: true
  io2.in7:
    description: input name
    default_value: none
    persistent: true
  io2.in8:
    description: input name
    default_value: none
    persistent: true
  io2.in9:
    description: input name
    default_value: none
    persistent: true
  io2.in10:
    description: input name
    default_value: none
    persistent: true
  io2.in11:
    description: input name
    default_value: none
    persistent: true
  io2.in12:
    description: input name
    default_value: none
    persistent: true
  io2.in13:
    description: input name
    default_value: none
    persistent: true
  io2.in14:
    description: input name
    default_value: none
    persistent: true
  io2.in15:
    description: input name
    default_value: none
    persistent: true
  io2.in16:
    description: input name
    default_value: none
    persistent: true
  io2.in17:
    description: input name
    default_value: none
    persistent: true
  io2.in18:
    description: input name
    default_value: none
    persistent: true
  io2.in19:
    description: input name
    default_value: none
    persistent: true
  io2.in20:
    description: input name
    default_value: none
    persistent: true
  io2.in21:
    description: input name
    default_value: none
    persistent: true
  io2.in22:
    description: input name
    default_value: none
    persistent: true
  io2.in23:
    description: input name
    default_value: none
    persistent: true
  io2.in24:
    description: input name
    default_value: none
    persistent: true
  io2.in25:
    description: input name
    default_value: none
    persistent: true
  io2.in26:
    description: input name
    default_value: none
    persistent: true
  io2.in27:
    description: input name
    default_value: none
    persistent: true
  io2.in28:
    description: input name
    default_value: none
    persistent: true
  io2.in29:
    description: input name
    default_value: none
    persistent: true
  io2.in30:
    description: input name
    default_value: none
    persistent: true
  io2.in31:
    description: input name
    default_value: none
    persistent: true
  io2.in32:
    description: input name
    default_value: none
    persistent: true
  io2.out1:
    description: input name
    default_value: none
    persistent: true
  io2.out2:
    description: input name
    default_value: none
    persistent: true
  io2.out3:
    description: input name
    default_value: none
    persistent: true
  io2.out4:
    description: input name
    default_value: none
    persistent: true
  io2.out5:
    description: input name
    default_value: none
    persistent: true
  io2.out6:
    description: input name
    default_value: none
    persistent: true
  io2.out7:
    description: input name
    default_value: none
    persistent: true
  io2.out8:
    description: input name
    default_value: none
    persistent: true
  io2.out9:
    description: input name
    default_value: none
    persistent: true
  io2.out10:
    description: input name
    default_value: none
    persistent: true
  io2.out11:
    description: input name
    default_value: none
    persistent: true
  io2.out12:
    description: input name
    default_value: none
    persistent: true
  io2.out13:
    description: input name
    default_value: none
    persistent: true
  io2.out14:
    description: input name
    default_value: none
    persistent: true
  io2.out15:
    description: input name
    default_value: none
    persistent: true
  io2.out16:
    description: input name
    default_value: none
    persistent: true
  backplot.show-program-labels:
    default_value: false
  backplot.show-program-ticks:
    default_value: false
menubar: *id001
qtdesigner:
  ui_file: /home/forgedauthority/dev/probe_basic/probe_basic/probe_basic.ui
  qss_file: /home/forgedauthority/dev/probe_basic/probe_basic/probe_basic.qss


2022-10-16 16:01:58,214 - qtpyvcp.utilities.info - INFO - The machine has 5 axes and 5 joints
2022-10-16 16:01:58,215 - qtpyvcp.utilities.info - INFO - The Axis/Joint mapping is:
2022-10-16 16:01:58,215 - qtpyvcp.utilities.info - INFO - Axis X --> Joint 0
2022-10-16 16:01:58,215 - qtpyvcp.utilities.info - INFO - Axis Y --> Joint 1
2022-10-16 16:01:58,215 - qtpyvcp.utilities.info - INFO - Axis Z --> Joint 2
2022-10-16 16:01:58,215 - qtpyvcp.utilities.info - INFO - Axis A --> Joint 3
2022-10-16 16:01:58,215 - qtpyvcp.utilities.info - INFO - Axis B --> Joint 4
2022-10-16 16:01:58,215 - qtpyvcp.app.launcher - DEBUG - Time: 0.000 (+0.000) - in script
2022-10-16 16:01:58,217 - qtpyvcp.app.launcher - DEBUG - Loading data plugings
2022-10-16 16:01:58,217 - qtpyvcp.plugins - DEBUG - Loading plugin 'status' from 'qtpyvcp.plugins.status:Status'
2022-10-16 16:01:58,221 - qtpyvcp.plugins.status - DEBUG - ---------set mdi_history: None, []
2022-10-16 16:01:58,229 - qtpyvcp.plugins - DEBUG - Loading plugin 'persistent_data_manager' from 'qtpyvcp.plugins.persistent_data_manager:PersistentDataManager'
2022-10-16 16:01:58,230 - qtpyvcp.plugins - DEBUG - Loading plugin 'settings' from 'qtpyvcp.plugins.settings:Settings'
2022-10-16 16:01:58,232 - qtpyvcp.plugins - DEBUG - Loading plugin 'position' from 'qtpyvcp.plugins.positions:Position'
2022-10-16 16:01:58,234 - qtpyvcp.plugins - DEBUG - Loading plugin 'tooltable' from 'qtpyvcp.plugins.tool_table:ToolTable'
2022-10-16 16:01:58,242 - qtpyvcp.plugins - DEBUG - Loading plugin 'offsettable' from 'qtpyvcp.plugins.offset_table:OffsetTable'
2022-10-16 16:01:58,243 - qtpyvcp.plugins - DEBUG - Loading plugin 'notifications' from 'qtpyvcp.plugins.notifications:Notifications'
2022-10-16 16:01:58,252 - qtpyvcp.plugins - DEBUG - Loading plugin 'file_locations' from 'qtpyvcp.plugins.file_locations:FileLocations'
2022-10-16 16:01:58,295 - qtpyvcp.plugins - DEBUG - Loading plugin 'virtual_input' from 'qtpyvcp.plugins.virtual_input_manager:VirtualInputManager'
2022-10-16 16:01:58,296 - qtpyvcp.app.launcher - DEBUG - Time: 0.080 (+0.080) - done loading data plugins
2022-10-16 16:01:58,296 - qtpyvcp.app.launcher - DEBUG - Initializing app
2022-10-16 16:01:58,437 - qtpyvcp.plugins - DEBUG - Initializing 'status' plugin
2022-10-16 16:01:58,439 - qtpyvcp.plugins.status - DEBUG - Starting periodic updates with 75ms cycle time
2022-10-16 16:01:58,439 - qtpyvcp.plugins - DEBUG - Initializing 'persistent_data_manager' plugin
2022-10-16 16:01:58,440 - qtpyvcp.plugins - DEBUG - Initializing 'settings' plugin
2022-10-16 16:01:58,440 - qtpyvcp.plugins - DEBUG - Initializing 'position' plugin
2022-10-16 16:01:58,440 - qtpyvcp.plugins - DEBUG - Initializing 'tooltable' plugin
2022-10-16 16:01:58,441 - qtpyvcp.plugins - DEBUG - Initializing 'offsettable' plugin
2022-10-16 16:01:58,441 - qtpyvcp.plugins - DEBUG - Initializing 'notifications' plugin
2022-10-16 16:01:58,447 - qtpyvcp.plugins - DEBUG - Initializing 'file_locations' plugin
2022-10-16 16:01:58,459 - qtpyvcp.plugins - DEBUG - Initializing 'virtual_input' plugin
2022-10-16 16:01:58,514 - qtpyvcp - INFO - Loading global stylesheet: /home/forgedauthority/dev/probe_basic/probe_basic/probe_basic.qss
2022-10-16 16:01:58,525 - qtpyvcp - DEBUG - Loading custom font: /home/forgedauthority/dev/probe_basic/probe_basic/fonts/BebasKai.ttf
2022-10-16 16:01:58,567 - qtpyvcp.app.launcher - DEBUG - Time: 0.352 (+0.272) - done initializing app
2022-10-16 16:01:58,568 - qtpyvcp.app.launcher - DEBUG - Loading dialogs
2022-10-16 16:01:59,225 - qtpyvcp.app.launcher - DEBUG - Time: 1.010 (+0.658) - done loading dialogs
2022-10-16 16:01:59,225 - qtpyvcp.app.launcher - DEBUG - Loading windows
2022-10-16 16:02:01,070 - qtpyvcp.widgets.display_widgets.vtk_backplot.vtk_backplot - DEBUG - ---------using refactored vtk code
2022-10-16 16:02:01,070 - qtpyvcp.widgets.display_widgets.vtk_backplot.linuxcnc_datasource - DEBUG - self._status.stat.g5x_offset: <class 'tuple'>
2022-10-16 16:02:01,071 - qtpyvcp.widgets.display_widgets.vtk_backplot.linuxcnc_datasource - DEBUG - -----current_wcs index: [0.0, 0.0, 0.0, 0.0, 0.0, 0.0, 0.0, 0.0, 0.0, 0.0]
2022-10-16 16:02:01,071 - qtpyvcp.widgets.display_widgets.vtk_backplot.vtk_backplot - DEBUG - ---------active_wcs_index 0
2022-10-16 16:02:01,071 - qtpyvcp.widgets.display_widgets.vtk_backplot.vtk_backplot - DEBUG - ---------active_wcs_offset (0.0, 0.0, 0.0, 0.0, 0.0, 0.0, 0.0, 0.0, 0.0, 0.0)
2022-10-16 16:02:01,071 - qtpyvcp.widgets.display_widgets.vtk_backplot.vtk_backplot - DEBUG - ---------wcs_offsets {0: [0.0, 0.0, 0.0, 0.0, 0.0, 0.0, 0.0, 0.0, 0.0, 0.0], 1: [0.0, 0.0, 0.0, 0.0, 0.0, 0.0, 0.0, 0.0, 0.0, 0.0], 2: [0.0, 0.0, 0.0, 0.0, 0.0, 0.0, 0.0, 0.0, 0.0, 0.0], 3: [0.0, 0.0, 0.0, 0.0, 0.0, 0.0, 0.0, 0.0, 0.0, 0.0], 4: [0.0, 0.0, 0.0, 0.0, 0.0, 0.0, 0.0, 0.0, 0.0, 0.0], 5: [0.0, 0.0, 0.0, 0.0, 0.0, 0.0, 0.0, 0.0, 0.0, 0.0], 6: [0.0, 0.0, 0.0, 0.0, 0.0, 0.0, 0.0, 0.0, 0.0, 0.0], 7: [0.0, 0.0, 0.0, 0.0, 0.0, 0.0, 0.0, 0.0, 0.0, 0.0], 8: [0.0, 0.0, 0.0, 0.0, 0.0, 0.0, 0.0, 0.0, 0.0, 0.0]}
2022-10-16 16:02:01,106 - qtpyvcp.widgets.display_widgets.vtk_backplot.vtk_backplot - DEBUG - ---------translate1: (0.0, 0.0, 0.0)
2022-10-16 16:02:01,106 - qtpyvcp.widgets.display_widgets.vtk_backplot.vtk_backplot - DEBUG - ---------active_wcs_offset: (0.0, 0.0, 0.0, 0.0, 0.0, 0.0, 0.0, 0.0, 0.0, 0.0)
2022-10-16 16:02:01,161 - qtpyvcp.widgets.display_widgets.vtk_backplot.vtk_backplot - DEBUG - show grid
2022-10-16 16:02:01,166 - qtpyvcp.widgets.display_widgets.vtk_backplot.vtk_backplot - DEBUG - Setting view to: P
2022-10-16 16:02:03,396 - qtpyvcp.widgets.base_widgets.base_widget - ERROR - Error evaluating rule: status:axes
Traceback (most recent call last):
  File "/home/forgedauthority/dev/qtpyvcp/qtpyvcp/widgets/base_widgets/base_widget.py", line 176, in registerRules
    triggers.append(chan_obj.notify)
AttributeError: 'NoneType' object has no attribute 'notify'
2022-10-16 16:02:03,731 - qtpyvcp.plugins - DEBUG - Post GUI Initializing 'status' plugin
2022-10-16 16:02:03,731 - qtpyvcp.plugins - DEBUG - Post GUI Initializing 'persistent_data_manager' plugin
2022-10-16 16:02:03,731 - qtpyvcp.plugins - DEBUG - Post GUI Initializing 'settings' plugin
2022-10-16 16:02:03,731 - qtpyvcp.plugins - DEBUG - Post GUI Initializing 'position' plugin
2022-10-16 16:02:03,731 - qtpyvcp.plugins - DEBUG - Post GUI Initializing 'tooltable' plugin
2022-10-16 16:02:03,731 - qtpyvcp.plugins - DEBUG - Post GUI Initializing 'offsettable' plugin
2022-10-16 16:02:03,731 - qtpyvcp.plugins - DEBUG - Post GUI Initializing 'notifications' plugin
2022-10-16 16:02:03,732 - qtpyvcp.plugins - DEBUG - Post GUI Initializing 'file_locations' plugin
2022-10-16 16:02:03,732 - qtpyvcp.plugins - DEBUG - Post GUI Initializing 'virtual_input' plugin
2022-10-16 16:02:04,040 - qtpyvcp.app.launcher - DEBUG - Time: 5.825 (+4.815) - done loading windows
2022-10-16 16:02:04,041 - qtpyvcp.app.launcher - DEBUG - Initializing widgets
2022-10-16 16:02:04,050 - qtpyvcp.hal - DEBUG - Using existing HAL component: qtpyvcp
2022-10-16 16:02:04,051 - qtpyvcp.hal.hal_qlib - DEBUG - Adding HAL pin: qtpyvcp.2in1.on (bit in)
2022-10-16 16:02:04,051 - qtpyvcp.hal.hal_qlib - DEBUG - Adding HAL pin: qtpyvcp.2in1.flash (bit in)
2022-10-16 16:02:04,051 - qtpyvcp.hal.hal_qlib - DEBUG - Adding HAL pin: qtpyvcp.2in1.flash-rate (u32 in)
2022-10-16 16:02:04,052 - qtpyvcp.hal - DEBUG - Using existing HAL component: qtpyvcp
2022-10-16 16:02:04,052 - qtpyvcp.hal.hal_qlib - DEBUG - Adding HAL pin: qtpyvcp.2in17.on (bit in)
2022-10-16 16:02:04,052 - qtpyvcp.hal.hal_qlib - DEBUG - Adding HAL pin: qtpyvcp.2in17.flash (bit in)
2022-10-16 16:02:04,053 - qtpyvcp.hal.hal_qlib - DEBUG - Adding HAL pin: qtpyvcp.2in17.flash-rate (u32 in)
2022-10-16 16:02:04,053 - qtpyvcp.hal - DEBUG - Using existing HAL component: qtpyvcp
2022-10-16 16:02:04,053 - qtpyvcp.hal.hal_qlib - DEBUG - Adding HAL pin: qtpyvcp.2in28.on (bit in)
2022-10-16 16:02:04,053 - qtpyvcp.hal.hal_qlib - DEBUG - Adding HAL pin: qtpyvcp.2in28.flash (bit in)
2022-10-16 16:02:04,054 - qtpyvcp.hal.hal_qlib - DEBUG - Adding HAL pin: qtpyvcp.2in28.flash-rate (u32 in)
2022-10-16 16:02:04,055 - qtpyvcp.hal - DEBUG - Using existing HAL component: qtpyvcp
2022-10-16 16:02:04,055 - qtpyvcp.hal.hal_qlib - DEBUG - Adding HAL pin: qtpyvcp.1out2.on (bit in)
2022-10-16 16:02:04,055 - qtpyvcp.hal.hal_qlib - DEBUG - Adding HAL pin: qtpyvcp.1out2.flash (bit in)
2022-10-16 16:02:04,055 - qtpyvcp.hal.hal_qlib - DEBUG - Adding HAL pin: qtpyvcp.1out2.flash-rate (u32 in)
2022-10-16 16:02:04,056 - qtpyvcp.hal - DEBUG - Using existing HAL component: qtpyvcp
2022-10-16 16:02:04,056 - qtpyvcp.hal.hal_qlib - DEBUG - Adding HAL pin: qtpyvcp.1out12.on (bit in)
2022-10-16 16:02:04,056 - qtpyvcp.hal.hal_qlib - DEBUG - Adding HAL pin: qtpyvcp.1out12.flash (bit in)
2022-10-16 16:02:04,056 - qtpyvcp.hal.hal_qlib - DEBUG - Adding HAL pin: qtpyvcp.1out12.flash-rate (u32 in)
2022-10-16 16:02:04,056 - qtpyvcp.hal - DEBUG - Using existing HAL component: qtpyvcp
2022-10-16 16:02:04,056 - qtpyvcp.hal.hal_qlib - DEBUG - Adding HAL pin: qtpyvcp.1in28.on (bit in)
2022-10-16 16:02:04,057 - qtpyvcp.hal.hal_qlib - DEBUG - Adding HAL pin: qtpyvcp.1in28.flash (bit in)
2022-10-16 16:02:04,057 - qtpyvcp.hal.hal_qlib - DEBUG - Adding HAL pin: qtpyvcp.1in28.flash-rate (u32 in)
2022-10-16 16:02:04,057 - qtpyvcp.hal - DEBUG - Using existing HAL component: qtpyvcp
2022-10-16 16:02:04,057 - qtpyvcp.hal.hal_qlib - DEBUG - Adding HAL pin: qtpyvcp.1in25.on (bit in)
2022-10-16 16:02:04,057 - qtpyvcp.hal.hal_qlib - DEBUG - Adding HAL pin: qtpyvcp.1in25.flash (bit in)
2022-10-16 16:02:04,057 - qtpyvcp.hal.hal_qlib - DEBUG - Adding HAL pin: qtpyvcp.1in25.flash-rate (u32 in)
2022-10-16 16:02:04,058 - qtpyvcp.hal - DEBUG - Using existing HAL component: qtpyvcp
2022-10-16 16:02:04,058 - qtpyvcp.hal.hal_qlib - DEBUG - Adding HAL pin: qtpyvcp.1out3.on (bit in)
2022-10-16 16:02:04,058 - qtpyvcp.hal.hal_qlib - DEBUG - Adding HAL pin: qtpyvcp.1out3.flash (bit in)
2022-10-16 16:02:04,058 - qtpyvcp.hal.hal_qlib - DEBUG - Adding HAL pin: qtpyvcp.1out3.flash-rate (u32 in)
2022-10-16 16:02:04,059 - qtpyvcp.hal - DEBUG - Using existing HAL component: qtpyvcp
2022-10-16 16:02:04,059 - qtpyvcp.hal.hal_qlib - DEBUG - Adding HAL pin: qtpyvcp.2in31.on (bit in)
2022-10-16 16:02:04,059 - qtpyvcp.hal.hal_qlib - DEBUG - Adding HAL pin: qtpyvcp.2in31.flash (bit in)
2022-10-16 16:02:04,059 - qtpyvcp.hal.hal_qlib - DEBUG - Adding HAL pin: qtpyvcp.2in31.flash-rate (u32 in)
2022-10-16 16:02:04,060 - qtpyvcp.hal - DEBUG - Using existing HAL component: qtpyvcp
2022-10-16 16:02:04,060 - qtpyvcp.hal.hal_qlib - DEBUG - Adding HAL pin: qtpyvcp.1in3.on (bit in)
2022-10-16 16:02:04,060 - qtpyvcp.hal.hal_qlib - DEBUG - Adding HAL pin: qtpyvcp.1in3.flash (bit in)
2022-10-16 16:02:04,060 - qtpyvcp.hal.hal_qlib - DEBUG - Adding HAL pin: qtpyvcp.1in3.flash-rate (u32 in)
2022-10-16 16:02:04,060 - qtpyvcp.hal - DEBUG - Using existing HAL component: qtpyvcp
2022-10-16 16:02:04,060 - qtpyvcp.hal.hal_qlib - DEBUG - Adding HAL pin: qtpyvcp.2in6.on (bit in)
2022-10-16 16:02:04,061 - qtpyvcp.hal.hal_qlib - DEBUG - Adding HAL pin: qtpyvcp.2in6.flash (bit in)
2022-10-16 16:02:04,061 - qtpyvcp.hal.hal_qlib - DEBUG - Adding HAL pin: qtpyvcp.2in6.flash-rate (u32 in)
2022-10-16 16:02:04,062 - qtpyvcp.hal - DEBUG - Using existing HAL component: qtpyvcp
2022-10-16 16:02:04,062 - qtpyvcp.hal.hal_qlib - DEBUG - Adding HAL pin: qtpyvcp.1in19.on (bit in)
2022-10-16 16:02:04,062 - qtpyvcp.hal.hal_qlib - DEBUG - Adding HAL pin: qtpyvcp.1in19.flash (bit in)
2022-10-16 16:02:04,062 - qtpyvcp.hal.hal_qlib - DEBUG - Adding HAL pin: qtpyvcp.1in19.flash-rate (u32 in)
2022-10-16 16:02:04,063 - qtpyvcp.hal - DEBUG - Using existing HAL component: qtpyvcp
2022-10-16 16:02:04,063 - qtpyvcp.hal.hal_qlib - DEBUG - Adding HAL pin: qtpyvcp.1in12.on (bit in)
2022-10-16 16:02:04,063 - qtpyvcp.hal.hal_qlib - DEBUG - Adding HAL pin: qtpyvcp.1in12.flash (bit in)
2022-10-16 16:02:04,063 - qtpyvcp.hal.hal_qlib - DEBUG - Adding HAL pin: qtpyvcp.1in12.flash-rate (u32 in)
2022-10-16 16:02:04,063 - qtpyvcp.hal - DEBUG - Using existing HAL component: qtpyvcp
2022-10-16 16:02:04,064 - qtpyvcp.hal.hal_qlib - DEBUG - Adding HAL pin: qtpyvcp.probe-in.enable (bit in)
2022-10-16 16:02:04,064 - qtpyvcp.hal.hal_qlib - DEBUG - Adding HAL pin: qtpyvcp.probe-in.out (bit out)
2022-10-16 16:02:04,064 - qtpyvcp.hal.hal_qlib - DEBUG - Adding HAL pin: qtpyvcp.probe-in.io (bit io)
2022-10-16 16:02:04,065 - qtpyvcp.hal - DEBUG - Using existing HAL component: qtpyvcp
2022-10-16 16:02:04,065 - qtpyvcp.hal.hal_qlib - DEBUG - Adding HAL pin: qtpyvcp.1in15.on (bit in)
2022-10-16 16:02:04,066 - qtpyvcp.hal.hal_qlib - DEBUG - Adding HAL pin: qtpyvcp.1in15.flash (bit in)
2022-10-16 16:02:04,066 - qtpyvcp.hal.hal_qlib - DEBUG - Adding HAL pin: qtpyvcp.1in15.flash-rate (u32 in)
2022-10-16 16:02:04,066 - qtpyvcp.hal - DEBUG - Using existing HAL component: qtpyvcp
2022-10-16 16:02:04,066 - qtpyvcp.hal.hal_qlib - DEBUG - Adding HAL pin: qtpyvcp.2in18.on (bit in)
2022-10-16 16:02:04,066 - qtpyvcp.hal.hal_qlib - DEBUG - Adding HAL pin: qtpyvcp.2in18.flash (bit in)
2022-10-16 16:02:04,067 - qtpyvcp.hal.hal_qlib - DEBUG - Adding HAL pin: qtpyvcp.2in18.flash-rate (u32 in)
2022-10-16 16:02:04,067 - qtpyvcp.hal - DEBUG - Using existing HAL component: qtpyvcp
2022-10-16 16:02:04,067 - qtpyvcp.hal.hal_qlib - DEBUG - Adding HAL pin: qtpyvcp.2in32.on (bit in)
2022-10-16 16:02:04,067 - qtpyvcp.hal.hal_qlib - DEBUG - Adding HAL pin: qtpyvcp.2in32.flash (bit in)
2022-10-16 16:02:04,068 - qtpyvcp.hal.hal_qlib - DEBUG - Adding HAL pin: qtpyvcp.2in32.flash-rate (u32 in)
2022-10-16 16:02:04,068 - qtpyvcp.hal - DEBUG - Using existing HAL component: qtpyvcp
2022-10-16 16:02:04,068 - qtpyvcp.hal.hal_qlib - DEBUG - Adding HAL pin: qtpyvcp.1out15.on (bit in)
2022-10-16 16:02:04,068 - qtpyvcp.hal.hal_qlib - DEBUG - Adding HAL pin: qtpyvcp.1out15.flash (bit in)
2022-10-16 16:02:04,068 - qtpyvcp.hal.hal_qlib - DEBUG - Adding HAL pin: qtpyvcp.1out15.flash-rate (u32 in)
2022-10-16 16:02:04,069 - qtpyvcp.hal - DEBUG - Using existing HAL component: qtpyvcp
2022-10-16 16:02:04,069 - qtpyvcp.hal.hal_qlib - DEBUG - Adding HAL pin: qtpyvcp.1out10.on (bit in)
2022-10-16 16:02:04,069 - qtpyvcp.hal.hal_qlib - DEBUG - Adding HAL pin: qtpyvcp.1out10.flash (bit in)
2022-10-16 16:02:04,069 - qtpyvcp.hal.hal_qlib - DEBUG - Adding HAL pin: qtpyvcp.1out10.flash-rate (u32 in)
2022-10-16 16:02:04,069 - qtpyvcp.hal - DEBUG - Using existing HAL component: qtpyvcp
2022-10-16 16:02:04,070 - qtpyvcp.hal.hal_qlib - DEBUG - Adding HAL pin: qtpyvcp.1in27.on (bit in)
2022-10-16 16:02:04,070 - qtpyvcp.hal.hal_qlib - DEBUG - Adding HAL pin: qtpyvcp.1in27.flash (bit in)
2022-10-16 16:02:04,070 - qtpyvcp.hal.hal_qlib - DEBUG - Adding HAL pin: qtpyvcp.1in27.flash-rate (u32 in)
2022-10-16 16:02:04,070 - qtpyvcp.hal - DEBUG - Using existing HAL component: qtpyvcp
2022-10-16 16:02:04,070 - qtpyvcp.hal.hal_qlib - DEBUG - Adding HAL pin: qtpyvcp.1out6.on (bit in)
2022-10-16 16:02:04,070 - qtpyvcp.hal.hal_qlib - DEBUG - Adding HAL pin: qtpyvcp.1out6.flash (bit in)
2022-10-16 16:02:04,071 - qtpyvcp.hal.hal_qlib - DEBUG - Adding HAL pin: qtpyvcp.1out6.flash-rate (u32 in)
2022-10-16 16:02:04,071 - qtpyvcp.hal - DEBUG - Using existing HAL component: qtpyvcp
2022-10-16 16:02:04,071 - qtpyvcp.hal.hal_qlib - DEBUG - Adding HAL pin: qtpyvcp.2out2.on (bit in)
2022-10-16 16:02:04,071 - qtpyvcp.hal.hal_qlib - DEBUG - Adding HAL pin: qtpyvcp.2out2.flash (bit in)
2022-10-16 16:02:04,072 - qtpyvcp.hal.hal_qlib - DEBUG - Adding HAL pin: qtpyvcp.2out2.flash-rate (u32 in)
2022-10-16 16:02:04,072 - qtpyvcp.hal - DEBUG - Using existing HAL component: qtpyvcp
2022-10-16 16:02:04,072 - qtpyvcp.hal.hal_qlib - DEBUG - Adding HAL pin: qtpyvcp.spindle-load-indicator.in-f (float in)
2022-10-16 16:02:04,073 - qtpyvcp.hal.hal_qlib - DEBUG - Adding HAL pin: qtpyvcp.spindle-load-indicator.in-i (u32 in)
2022-10-16 16:02:04,073 - qtpyvcp.hal.hal_qlib - DEBUG - Adding HAL pin: qtpyvcp.spindle-load-indicator.min-val (float in)
2022-10-16 16:02:04,073 - qtpyvcp.hal.hal_qlib - DEBUG - Adding HAL pin: qtpyvcp.spindle-load-indicator.max-val (float in)
2022-10-16 16:02:04,074 - qtpyvcp.hal - DEBUG - Using existing HAL component: qtpyvcp
2022-10-16 16:02:04,074 - qtpyvcp.hal.hal_qlib - DEBUG - Adding HAL pin: qtpyvcp.1out1.on (bit in)
2022-10-16 16:02:04,074 - qtpyvcp.hal.hal_qlib - DEBUG - Adding HAL pin: qtpyvcp.1out1.flash (bit in)
2022-10-16 16:02:04,074 - qtpyvcp.hal.hal_qlib - DEBUG - Adding HAL pin: qtpyvcp.1out1.flash-rate (u32 in)
2022-10-16 16:02:04,075 - qtpyvcp.hal - DEBUG - Using existing HAL component: qtpyvcp
2022-10-16 16:02:04,075 - qtpyvcp.hal.hal_qlib - DEBUG - Adding HAL pin: qtpyvcp.1in7.on (bit in)
2022-10-16 16:02:04,075 - qtpyvcp.hal.hal_qlib - DEBUG - Adding HAL pin: qtpyvcp.1in7.flash (bit in)
2022-10-16 16:02:04,076 - qtpyvcp.hal.hal_qlib - DEBUG - Adding HAL pin: qtpyvcp.1in7.flash-rate (u32 in)
2022-10-16 16:02:04,076 - qtpyvcp.hal - DEBUG - Using existing HAL component: qtpyvcp
2022-10-16 16:02:04,076 - qtpyvcp.hal.hal_qlib - DEBUG - Adding HAL pin: qtpyvcp.2in12.on (bit in)
2022-10-16 16:02:04,076 - qtpyvcp.hal.hal_qlib - DEBUG - Adding HAL pin: qtpyvcp.2in12.flash (bit in)
2022-10-16 16:02:04,076 - qtpyvcp.hal.hal_qlib - DEBUG - Adding HAL pin: qtpyvcp.2in12.flash-rate (u32 in)
2022-10-16 16:02:04,077 - qtpyvcp.hal - DEBUG - Using existing HAL component: qtpyvcp
2022-10-16 16:02:04,077 - qtpyvcp.hal.hal_qlib - DEBUG - Adding HAL pin: qtpyvcp.1in16.on (bit in)
2022-10-16 16:02:04,077 - qtpyvcp.hal.hal_qlib - DEBUG - Adding HAL pin: qtpyvcp.1in16.flash (bit in)
2022-10-16 16:02:04,077 - qtpyvcp.hal.hal_qlib - DEBUG - Adding HAL pin: qtpyvcp.1in16.flash-rate (u32 in)
2022-10-16 16:02:04,077 - qtpyvcp.hal - DEBUG - Using existing HAL component: qtpyvcp
2022-10-16 16:02:04,078 - qtpyvcp.hal.hal_qlib - DEBUG - Adding HAL pin: qtpyvcp.2in11.on (bit in)
2022-10-16 16:02:04,078 - qtpyvcp.hal.hal_qlib - DEBUG - Adding HAL pin: qtpyvcp.2in11.flash (bit in)
2022-10-16 16:02:04,078 - qtpyvcp.hal.hal_qlib - DEBUG - Adding HAL pin: qtpyvcp.2in11.flash-rate (u32 in)
2022-10-16 16:02:04,078 - qtpyvcp.hal - DEBUG - Using existing HAL component: qtpyvcp
2022-10-16 16:02:04,079 - qtpyvcp.hal.hal_qlib - DEBUG - Adding HAL pin: qtpyvcp.2in22.on (bit in)
2022-10-16 16:02:04,079 - qtpyvcp.hal.hal_qlib - DEBUG - Adding HAL pin: qtpyvcp.2in22.flash (bit in)
2022-10-16 16:02:04,079 - qtpyvcp.hal.hal_qlib - DEBUG - Adding HAL pin: qtpyvcp.2in22.flash-rate (u32 in)
2022-10-16 16:02:04,079 - qtpyvcp.hal - DEBUG - Using existing HAL component: qtpyvcp
2022-10-16 16:02:04,079 - qtpyvcp.hal.hal_qlib - DEBUG - Adding HAL pin: qtpyvcp.2out10.on (bit in)
2022-10-16 16:02:04,080 - qtpyvcp.hal.hal_qlib - DEBUG - Adding HAL pin: qtpyvcp.2out10.flash (bit in)
2022-10-16 16:02:04,080 - qtpyvcp.hal.hal_qlib - DEBUG - Adding HAL pin: qtpyvcp.2out10.flash-rate (u32 in)
2022-10-16 16:02:04,080 - qtpyvcp.hal - DEBUG - Using existing HAL component: qtpyvcp
2022-10-16 16:02:04,080 - qtpyvcp.hal.hal_qlib - DEBUG - Adding HAL pin: qtpyvcp.2out11.on (bit in)
2022-10-16 16:02:04,081 - qtpyvcp.hal.hal_qlib - DEBUG - Adding HAL pin: qtpyvcp.2out11.flash (bit in)
2022-10-16 16:02:04,081 - qtpyvcp.hal.hal_qlib - DEBUG - Adding HAL pin: qtpyvcp.2out11.flash-rate (u32 in)
2022-10-16 16:02:04,082 - qtpyvcp.hal - DEBUG - Using existing HAL component: qtpyvcp
2022-10-16 16:02:04,082 - qtpyvcp.hal.hal_qlib - DEBUG - Adding HAL pin: qtpyvcp.2out3.on (bit in)
2022-10-16 16:02:04,083 - qtpyvcp.hal.hal_qlib - DEBUG - Adding HAL pin: qtpyvcp.2out3.flash (bit in)
2022-10-16 16:02:04,083 - qtpyvcp.hal.hal_qlib - DEBUG - Adding HAL pin: qtpyvcp.2out3.flash-rate (u32 in)
2022-10-16 16:02:04,084 - qtpyvcp.hal - DEBUG - Using existing HAL component: qtpyvcp
2022-10-16 16:02:04,084 - qtpyvcp.hal.hal_qlib - DEBUG - Adding HAL pin: qtpyvcp.1in31.on (bit in)
2022-10-16 16:02:04,084 - qtpyvcp.hal.hal_qlib - DEBUG - Adding HAL pin: qtpyvcp.1in31.flash (bit in)
2022-10-16 16:02:04,084 - qtpyvcp.hal.hal_qlib - DEBUG - Adding HAL pin: qtpyvcp.1in31.flash-rate (u32 in)
2022-10-16 16:02:04,085 - qtpyvcp.hal - DEBUG - Using existing HAL component: qtpyvcp
2022-10-16 16:02:04,085 - qtpyvcp.hal.hal_qlib - DEBUG - Adding HAL pin: qtpyvcp.2out8.on (bit in)
2022-10-16 16:02:04,085 - qtpyvcp.hal.hal_qlib - DEBUG - Adding HAL pin: qtpyvcp.2out8.flash (bit in)
2022-10-16 16:02:04,085 - qtpyvcp.hal.hal_qlib - DEBUG - Adding HAL pin: qtpyvcp.2out8.flash-rate (u32 in)
2022-10-16 16:02:04,086 - qtpyvcp.hal - DEBUG - Using existing HAL component: qtpyvcp
2022-10-16 16:02:04,086 - qtpyvcp.hal.hal_qlib - DEBUG - Adding HAL pin: qtpyvcp.2in9.on (bit in)
2022-10-16 16:02:04,086 - qtpyvcp.hal.hal_qlib - DEBUG - Adding HAL pin: qtpyvcp.2in9.flash (bit in)
2022-10-16 16:02:04,086 - qtpyvcp.hal.hal_qlib - DEBUG - Adding HAL pin: qtpyvcp.2in9.flash-rate (u32 in)
2022-10-16 16:02:04,089 - qtpyvcp.hal - DEBUG - Using existing HAL component: qtpyvcp
2022-10-16 16:02:04,089 - qtpyvcp.hal.hal_qlib - DEBUG - Adding HAL pin: qtpyvcp.2out12.on (bit in)
2022-10-16 16:02:04,089 - qtpyvcp.hal.hal_qlib - DEBUG - Adding HAL pin: qtpyvcp.2out12.flash (bit in)
2022-10-16 16:02:04,090 - qtpyvcp.hal.hal_qlib - DEBUG - Adding HAL pin: qtpyvcp.2out12.flash-rate (u32 in)
2022-10-16 16:02:04,090 - qtpyvcp.hal - DEBUG - Using existing HAL component: qtpyvcp
2022-10-16 16:02:04,090 - qtpyvcp.hal.hal_qlib - DEBUG - Adding HAL pin: qtpyvcp.1in2.on (bit in)
2022-10-16 16:02:04,091 - qtpyvcp.hal.hal_qlib - DEBUG - Adding HAL pin: qtpyvcp.1in2.flash (bit in)
2022-10-16 16:02:04,091 - qtpyvcp.hal.hal_qlib - DEBUG - Adding HAL pin: qtpyvcp.1in2.flash-rate (u32 in)
2022-10-16 16:02:04,091 - qtpyvcp.hal - DEBUG - Using existing HAL component: qtpyvcp
2022-10-16 16:02:04,091 - qtpyvcp.hal.hal_qlib - DEBUG - Adding HAL pin: qtpyvcp.1out13.on (bit in)
2022-10-16 16:02:04,091 - qtpyvcp.hal.hal_qlib - DEBUG - Adding HAL pin: qtpyvcp.1out13.flash (bit in)
2022-10-16 16:02:04,091 - qtpyvcp.hal.hal_qlib - DEBUG - Adding HAL pin: qtpyvcp.1out13.flash-rate (u32 in)
2022-10-16 16:02:04,092 - qtpyvcp.hal - DEBUG - Using existing HAL component: qtpyvcp
2022-10-16 16:02:04,092 - qtpyvcp.hal.hal_qlib - DEBUG - Adding HAL pin: qtpyvcp.1in29.on (bit in)
2022-10-16 16:02:04,092 - qtpyvcp.hal.hal_qlib - DEBUG - Adding HAL pin: qtpyvcp.1in29.flash (bit in)
2022-10-16 16:02:04,092 - qtpyvcp.hal.hal_qlib - DEBUG - Adding HAL pin: qtpyvcp.1in29.flash-rate (u32 in)
2022-10-16 16:02:04,093 - qtpyvcp.hal - DEBUG - Using existing HAL component: qtpyvcp
2022-10-16 16:02:04,093 - qtpyvcp.hal.hal_qlib - DEBUG - Adding HAL pin: qtpyvcp.2in19.on (bit in)
2022-10-16 16:02:04,093 - qtpyvcp.hal.hal_qlib - DEBUG - Adding HAL pin: qtpyvcp.2in19.flash (bit in)
2022-10-16 16:02:04,093 - qtpyvcp.hal.hal_qlib - DEBUG - Adding HAL pin: qtpyvcp.2in19.flash-rate (u32 in)
2022-10-16 16:02:04,093 - qtpyvcp.hal - DEBUG - Using existing HAL component: qtpyvcp
2022-10-16 16:02:04,094 - qtpyvcp.hal.hal_qlib - DEBUG - Adding HAL pin: qtpyvcp.spindle-encoder-rpm.enable (bit in)
2022-10-16 16:02:04,094 - qtpyvcp.hal.hal_qlib - DEBUG - Adding HAL pin: qtpyvcp.spindle-encoder-rpm.in (float in)
2022-10-16 16:02:04,094 - qtpyvcp.hal - DEBUG - Using existing HAL component: qtpyvcp
2022-10-16 16:02:04,094 - qtpyvcp.hal.hal_qlib - DEBUG - Adding HAL pin: qtpyvcp.1in24.on (bit in)
2022-10-16 16:02:04,094 - qtpyvcp.hal.hal_qlib - DEBUG - Adding HAL pin: qtpyvcp.1in24.flash (bit in)
2022-10-16 16:02:04,094 - qtpyvcp.hal.hal_qlib - DEBUG - Adding HAL pin: qtpyvcp.1in24.flash-rate (u32 in)
2022-10-16 16:02:04,095 - qtpyvcp.hal - DEBUG - Using existing HAL component: qtpyvcp
2022-10-16 16:02:04,095 - qtpyvcp.hal.hal_qlib - DEBUG - Adding HAL pin: qtpyvcp.2out1.on (bit in)
2022-10-16 16:02:04,095 - qtpyvcp.hal.hal_qlib - DEBUG - Adding HAL pin: qtpyvcp.2out1.flash (bit in)
2022-10-16 16:02:04,095 - qtpyvcp.hal.hal_qlib - DEBUG - Adding HAL pin: qtpyvcp.2out1.flash-rate (u32 in)
2022-10-16 16:02:04,274 - qtpyvcp.hal - DEBUG - Using existing HAL component: qtpyvcp
2022-10-16 16:02:04,275 - qtpyvcp.hal.hal_qlib - DEBUG - Adding HAL pin: qtpyvcp.2in20.on (bit in)
2022-10-16 16:02:04,275 - qtpyvcp.hal.hal_qlib - DEBUG - Adding HAL pin: qtpyvcp.2in20.flash (bit in)
2022-10-16 16:02:04,275 - qtpyvcp.hal.hal_qlib - DEBUG - Adding HAL pin: qtpyvcp.2in20.flash-rate (u32 in)
2022-10-16 16:02:04,276 - qtpyvcp.hal - DEBUG - Using existing HAL component: qtpyvcp
2022-10-16 16:02:04,276 - qtpyvcp.hal.hal_qlib - DEBUG - Adding HAL pin: qtpyvcp.2out15.on (bit in)
2022-10-16 16:02:04,276 - qtpyvcp.hal.hal_qlib - DEBUG - Adding HAL pin: qtpyvcp.2out15.flash (bit in)
2022-10-16 16:02:04,276 - qtpyvcp.hal.hal_qlib - DEBUG - Adding HAL pin: qtpyvcp.2out15.flash-rate (u32 in)
2022-10-16 16:02:04,277 - qtpyvcp.hal - DEBUG - Using existing HAL component: qtpyvcp
2022-10-16 16:02:04,277 - qtpyvcp.hal.hal_qlib - DEBUG - Adding HAL pin: qtpyvcp.2in5.on (bit in)
2022-10-16 16:02:04,277 - qtpyvcp.hal.hal_qlib - DEBUG - Adding HAL pin: qtpyvcp.2in5.flash (bit in)
2022-10-16 16:02:04,277 - qtpyvcp.hal.hal_qlib - DEBUG - Adding HAL pin: qtpyvcp.2in5.flash-rate (u32 in)
2022-10-16 16:02:04,277 - qtpyvcp.hal - DEBUG - Using existing HAL component: qtpyvcp
2022-10-16 16:02:04,278 - qtpyvcp.hal.hal_qlib - DEBUG - Adding HAL pin: qtpyvcp.1in32.on (bit in)
2022-10-16 16:02:04,278 - qtpyvcp.hal.hal_qlib - DEBUG - Adding HAL pin: qtpyvcp.1in32.flash (bit in)
2022-10-16 16:02:04,278 - qtpyvcp.hal.hal_qlib - DEBUG - Adding HAL pin: qtpyvcp.1in32.flash-rate (u32 in)
2022-10-16 16:02:04,279 - qtpyvcp.hal - DEBUG - Using existing HAL component: qtpyvcp
2022-10-16 16:02:04,279 - qtpyvcp.hal.hal_qlib - DEBUG - Adding HAL pin: qtpyvcp.2in13.on (bit in)
2022-10-16 16:02:04,279 - qtpyvcp.hal.hal_qlib - DEBUG - Adding HAL pin: qtpyvcp.2in13.flash (bit in)
2022-10-16 16:02:04,279 - qtpyvcp.hal.hal_qlib - DEBUG - Adding HAL pin: qtpyvcp.2in13.flash-rate (u32 in)
2022-10-16 16:02:04,279 - qtpyvcp.hal - DEBUG - Using existing HAL component: qtpyvcp
2022-10-16 16:02:04,280 - qtpyvcp.hal.hal_qlib - DEBUG - Adding HAL pin: qtpyvcp.1in30.on (bit in)
2022-10-16 16:02:04,280 - qtpyvcp.hal.hal_qlib - DEBUG - Adding HAL pin: qtpyvcp.1in30.flash (bit in)
2022-10-16 16:02:04,280 - qtpyvcp.hal.hal_qlib - DEBUG - Adding HAL pin: qtpyvcp.1in30.flash-rate (u32 in)
2022-10-16 16:02:04,280 - qtpyvcp.hal - DEBUG - Using existing HAL component: qtpyvcp
2022-10-16 16:02:04,281 - qtpyvcp.hal.hal_qlib - DEBUG - Adding HAL pin: qtpyvcp.1in23.on (bit in)
2022-10-16 16:02:04,281 - qtpyvcp.hal.hal_qlib - DEBUG - Adding HAL pin: qtpyvcp.1in23.flash (bit in)
2022-10-16 16:02:04,281 - qtpyvcp.hal.hal_qlib - DEBUG - Adding HAL pin: qtpyvcp.1in23.flash-rate (u32 in)
2022-10-16 16:02:04,281 - qtpyvcp.hal - DEBUG - Using existing HAL component: qtpyvcp
2022-10-16 16:02:04,281 - qtpyvcp.hal.hal_qlib - DEBUG - Adding HAL pin: qtpyvcp.2in30.on (bit in)
2022-10-16 16:02:04,282 - qtpyvcp.hal.hal_qlib - DEBUG - Adding HAL pin: qtpyvcp.2in30.flash (bit in)
2022-10-16 16:02:04,282 - qtpyvcp.hal.hal_qlib - DEBUG - Adding HAL pin: qtpyvcp.2in30.flash-rate (u32 in)
2022-10-16 16:02:04,282 - qtpyvcp.hal - DEBUG - Using existing HAL component: qtpyvcp
2022-10-16 16:02:04,282 - qtpyvcp.hal.hal_qlib - DEBUG - Adding HAL pin: qtpyvcp.1in14.on (bit in)
2022-10-16 16:02:04,282 - qtpyvcp.hal.hal_qlib - DEBUG - Adding HAL pin: qtpyvcp.1in14.flash (bit in)
2022-10-16 16:02:04,283 - qtpyvcp.hal.hal_qlib - DEBUG - Adding HAL pin: qtpyvcp.1in14.flash-rate (u32 in)
2022-10-16 16:02:04,283 - qtpyvcp.hal - DEBUG - Using existing HAL component: qtpyvcp
2022-10-16 16:02:04,283 - qtpyvcp.hal.hal_qlib - DEBUG - Adding HAL pin: qtpyvcp.1out5.on (bit in)
2022-10-16 16:02:04,283 - qtpyvcp.hal.hal_qlib - DEBUG - Adding HAL pin: qtpyvcp.1out5.flash (bit in)
2022-10-16 16:02:04,284 - qtpyvcp.hal.hal_qlib - DEBUG - Adding HAL pin: qtpyvcp.1out5.flash-rate (u32 in)
2022-10-16 16:02:04,284 - qtpyvcp.hal - DEBUG - Using existing HAL component: qtpyvcp
2022-10-16 16:02:04,284 - qtpyvcp.hal.hal_qlib - DEBUG - Adding HAL pin: qtpyvcp.2out5.on (bit in)
2022-10-16 16:02:04,284 - qtpyvcp.hal.hal_qlib - DEBUG - Adding HAL pin: qtpyvcp.2out5.flash (bit in)
2022-10-16 16:02:04,284 - qtpyvcp.hal.hal_qlib - DEBUG - Adding HAL pin: qtpyvcp.2out5.flash-rate (u32 in)
2022-10-16 16:02:04,285 - qtpyvcp.hal - DEBUG - Using existing HAL component: qtpyvcp
2022-10-16 16:02:04,285 - qtpyvcp.hal.hal_qlib - DEBUG - Adding HAL pin: qtpyvcp.1in21.on (bit in)
2022-10-16 16:02:04,285 - qtpyvcp.hal.hal_qlib - DEBUG - Adding HAL pin: qtpyvcp.1in21.flash (bit in)
2022-10-16 16:02:04,285 - qtpyvcp.hal.hal_qlib - DEBUG - Adding HAL pin: qtpyvcp.1in21.flash-rate (u32 in)
2022-10-16 16:02:04,288 - qtpyvcp.hal - DEBUG - Using existing HAL component: qtpyvcp
2022-10-16 16:02:04,288 - qtpyvcp.hal.hal_qlib - DEBUG - Adding HAL pin: qtpyvcp.2out4.on (bit in)
2022-10-16 16:02:04,289 - qtpyvcp.hal.hal_qlib - DEBUG - Adding HAL pin: qtpyvcp.2out4.flash (bit in)
2022-10-16 16:02:04,289 - qtpyvcp.hal.hal_qlib - DEBUG - Adding HAL pin: qtpyvcp.2out4.flash-rate (u32 in)
2022-10-16 16:02:04,290 - qtpyvcp.hal - DEBUG - Using existing HAL component: qtpyvcp
2022-10-16 16:02:04,291 - qtpyvcp.hal.hal_qlib - DEBUG - Adding HAL pin: qtpyvcp.timerminutes.enable (bit in)
2022-10-16 16:02:04,291 - qtpyvcp.hal.hal_qlib - DEBUG - Adding HAL pin: qtpyvcp.timerminutes.in (u32 in)
2022-10-16 16:02:04,291 - qtpyvcp.hal - DEBUG - Using existing HAL component: qtpyvcp
2022-10-16 16:02:04,291 - qtpyvcp.hal.hal_qlib - DEBUG - Adding HAL pin: qtpyvcp.1out8.on (bit in)
2022-10-16 16:02:04,291 - qtpyvcp.hal.hal_qlib - DEBUG - Adding HAL pin: qtpyvcp.1out8.flash (bit in)
2022-10-16 16:02:04,292 - qtpyvcp.hal.hal_qlib - DEBUG - Adding HAL pin: qtpyvcp.1out8.flash-rate (u32 in)
2022-10-16 16:02:04,292 - qtpyvcp.hal - DEBUG - Using existing HAL component: qtpyvcp
2022-10-16 16:02:04,292 - qtpyvcp.hal.hal_qlib - DEBUG - Adding HAL pin: qtpyvcp.1out7.on (bit in)
2022-10-16 16:02:04,292 - qtpyvcp.hal.hal_qlib - DEBUG - Adding HAL pin: qtpyvcp.1out7.flash (bit in)
2022-10-16 16:02:04,292 - qtpyvcp.hal.hal_qlib - DEBUG - Adding HAL pin: qtpyvcp.1out7.flash-rate (u32 in)
2022-10-16 16:02:04,293 - qtpyvcp.hal - DEBUG - Using existing HAL component: qtpyvcp
2022-10-16 16:02:04,293 - qtpyvcp.hal.hal_qlib - DEBUG - Adding HAL pin: qtpyvcp.1out9.on (bit in)
2022-10-16 16:02:04,293 - qtpyvcp.hal.hal_qlib - DEBUG - Adding HAL pin: qtpyvcp.1out9.flash (bit in)
2022-10-16 16:02:04,293 - qtpyvcp.hal.hal_qlib - DEBUG - Adding HAL pin: qtpyvcp.1out9.flash-rate (u32 in)
2022-10-16 16:02:04,293 - qtpyvcp.hal - DEBUG - Using existing HAL component: qtpyvcp
2022-10-16 16:02:04,294 - qtpyvcp.hal.hal_qlib - DEBUG - Adding HAL pin: qtpyvcp.1in9.on (bit in)
2022-10-16 16:02:04,294 - qtpyvcp.hal.hal_qlib - DEBUG - Adding HAL pin: qtpyvcp.1in9.flash (bit in)
2022-10-16 16:02:04,294 - qtpyvcp.hal.hal_qlib - DEBUG - Adding HAL pin: qtpyvcp.1in9.flash-rate (u32 in)
2022-10-16 16:02:04,294 - qtpyvcp.hal - DEBUG - Using existing HAL component: qtpyvcp
2022-10-16 16:02:04,294 - qtpyvcp.hal.hal_qlib - DEBUG - Adding HAL pin: qtpyvcp.1in10.on (bit in)
2022-10-16 16:02:04,295 - qtpyvcp.hal.hal_qlib - DEBUG - Adding HAL pin: qtpyvcp.1in10.flash (bit in)
2022-10-16 16:02:04,295 - qtpyvcp.hal.hal_qlib - DEBUG - Adding HAL pin: qtpyvcp.1in10.flash-rate (u32 in)
2022-10-16 16:02:04,296 - qtpyvcp.hal - DEBUG - Using existing HAL component: qtpyvcp
2022-10-16 16:02:04,296 - qtpyvcp.hal.hal_qlib - DEBUG - Adding HAL pin: qtpyvcp.1in22.on (bit in)
2022-10-16 16:02:04,296 - qtpyvcp.hal.hal_qlib - DEBUG - Adding HAL pin: qtpyvcp.1in22.flash (bit in)
2022-10-16 16:02:04,296 - qtpyvcp.hal.hal_qlib - DEBUG - Adding HAL pin: qtpyvcp.1in22.flash-rate (u32 in)
2022-10-16 16:02:04,296 - qtpyvcp.hal - DEBUG - Using existing HAL component: qtpyvcp
2022-10-16 16:02:04,297 - qtpyvcp.hal.hal_qlib - DEBUG - Adding HAL pin: qtpyvcp.2out9.on (bit in)
2022-10-16 16:02:04,297 - qtpyvcp.hal.hal_qlib - DEBUG - Adding HAL pin: qtpyvcp.2out9.flash (bit in)
2022-10-16 16:02:04,297 - qtpyvcp.hal.hal_qlib - DEBUG - Adding HAL pin: qtpyvcp.2out9.flash-rate (u32 in)
2022-10-16 16:02:04,297 - qtpyvcp.hal - DEBUG - Using existing HAL component: qtpyvcp
2022-10-16 16:02:04,297 - qtpyvcp.hal.hal_qlib - DEBUG - Adding HAL pin: qtpyvcp.1in20.on (bit in)
2022-10-16 16:02:04,298 - qtpyvcp.hal.hal_qlib - DEBUG - Adding HAL pin: qtpyvcp.1in20.flash (bit in)
2022-10-16 16:02:04,298 - qtpyvcp.hal.hal_qlib - DEBUG - Adding HAL pin: qtpyvcp.1in20.flash-rate (u32 in)
2022-10-16 16:02:04,298 - qtpyvcp.hal - DEBUG - Using existing HAL component: qtpyvcp
2022-10-16 16:02:04,298 - qtpyvcp.hal.hal_qlib - DEBUG - Adding HAL pin: qtpyvcp.2in16.on (bit in)
2022-10-16 16:02:04,298 - qtpyvcp.hal.hal_qlib - DEBUG - Adding HAL pin: qtpyvcp.2in16.flash (bit in)
2022-10-16 16:02:04,298 - qtpyvcp.hal.hal_qlib - DEBUG - Adding HAL pin: qtpyvcp.2in16.flash-rate (u32 in)
2022-10-16 16:02:04,300 - qtpyvcp.hal - DEBUG - Using existing HAL component: qtpyvcp
2022-10-16 16:02:04,300 - qtpyvcp.hal.hal_qlib - DEBUG - Adding HAL pin: qtpyvcp.timerseconds.enable (bit in)
2022-10-16 16:02:04,301 - qtpyvcp.hal.hal_qlib - DEBUG - Adding HAL pin: qtpyvcp.timerseconds.in (u32 in)
2022-10-16 16:02:04,301 - qtpyvcp.hal - DEBUG - Using existing HAL component: qtpyvcp
2022-10-16 16:02:04,301 - qtpyvcp.hal.hal_qlib - DEBUG - Adding HAL pin: qtpyvcp.timerhours.enable (bit in)
2022-10-16 16:02:04,301 - qtpyvcp.hal.hal_qlib - DEBUG - Adding HAL pin: qtpyvcp.timerhours.in (u32 in)
2022-10-16 16:02:04,301 - qtpyvcp.hal - DEBUG - Using existing HAL component: qtpyvcp
2022-10-16 16:02:04,302 - qtpyvcp.hal.hal_qlib - DEBUG - Adding HAL pin: qtpyvcp.1in8.on (bit in)
2022-10-16 16:02:04,302 - qtpyvcp.hal.hal_qlib - DEBUG - Adding HAL pin: qtpyvcp.1in8.flash (bit in)
2022-10-16 16:02:04,302 - qtpyvcp.hal.hal_qlib - DEBUG - Adding HAL pin: qtpyvcp.1in8.flash-rate (u32 in)
2022-10-16 16:02:04,302 - qtpyvcp.hal - DEBUG - Using existing HAL component: qtpyvcp
2022-10-16 16:02:04,302 - qtpyvcp.hal.hal_qlib - DEBUG - Adding HAL pin: qtpyvcp.1out14.on (bit in)
2022-10-16 16:02:04,302 - qtpyvcp.hal.hal_qlib - DEBUG - Adding HAL pin: qtpyvcp.1out14.flash (bit in)
2022-10-16 16:02:04,303 - qtpyvcp.hal.hal_qlib - DEBUG - Adding HAL pin: qtpyvcp.1out14.flash-rate (u32 in)
2022-10-16 16:02:04,303 - qtpyvcp.hal - DEBUG - Using existing HAL component: qtpyvcp
2022-10-16 16:02:04,303 - qtpyvcp.hal.hal_qlib - DEBUG - Adding HAL pin: qtpyvcp.2in10.on (bit in)
2022-10-16 16:02:04,303 - qtpyvcp.hal.hal_qlib - DEBUG - Adding HAL pin: qtpyvcp.2in10.flash (bit in)
2022-10-16 16:02:04,304 - qtpyvcp.hal.hal_qlib - DEBUG - Adding HAL pin: qtpyvcp.2in10.flash-rate (u32 in)
2022-10-16 16:02:04,304 - qtpyvcp.hal - DEBUG - Using existing HAL component: qtpyvcp
2022-10-16 16:02:04,304 - qtpyvcp.hal.hal_qlib - DEBUG - Adding HAL pin: qtpyvcp.1in18.on (bit in)
2022-10-16 16:02:04,304 - qtpyvcp.hal.hal_qlib - DEBUG - Adding HAL pin: qtpyvcp.1in18.flash (bit in)
2022-10-16 16:02:04,305 - qtpyvcp.hal.hal_qlib - DEBUG - Adding HAL pin: qtpyvcp.1in18.flash-rate (u32 in)
2022-10-16 16:02:04,305 - qtpyvcp.hal - DEBUG - Using existing HAL component: qtpyvcp
2022-10-16 16:02:04,305 - qtpyvcp.hal.hal_qlib - DEBUG - Adding HAL pin: qtpyvcp.2in26.on (bit in)
2022-10-16 16:02:04,305 - qtpyvcp.hal.hal_qlib - DEBUG - Adding HAL pin: qtpyvcp.2in26.flash (bit in)
2022-10-16 16:02:04,305 - qtpyvcp.hal.hal_qlib - DEBUG - Adding HAL pin: qtpyvcp.2in26.flash-rate (u32 in)
2022-10-16 16:02:04,306 - qtpyvcp.hal - DEBUG - Using existing HAL component: qtpyvcp
2022-10-16 16:02:04,306 - qtpyvcp.hal.hal_qlib - DEBUG - Adding HAL pin: qtpyvcp.1in26.on (bit in)
2022-10-16 16:02:04,306 - qtpyvcp.hal.hal_qlib - DEBUG - Adding HAL pin: qtpyvcp.1in26.flash (bit in)
2022-10-16 16:02:04,306 - qtpyvcp.hal.hal_qlib - DEBUG - Adding HAL pin: qtpyvcp.1in26.flash-rate (u32 in)
2022-10-16 16:02:04,306 - qtpyvcp.hal - DEBUG - Using existing HAL component: qtpyvcp
2022-10-16 16:02:04,307 - qtpyvcp.hal.hal_qlib - DEBUG - Adding HAL pin: qtpyvcp.2in7.on (bit in)
2022-10-16 16:02:04,307 - qtpyvcp.hal.hal_qlib - DEBUG - Adding HAL pin: qtpyvcp.2in7.flash (bit in)
2022-10-16 16:02:04,307 - qtpyvcp.hal.hal_qlib - DEBUG - Adding HAL pin: qtpyvcp.2in7.flash-rate (u32 in)
2022-10-16 16:02:04,308 - qtpyvcp.hal - DEBUG - Using existing HAL component: qtpyvcp
2022-10-16 16:02:04,308 - qtpyvcp.hal.hal_qlib - DEBUG - Adding HAL pin: qtpyvcp.1out16.on (bit in)
2022-10-16 16:02:04,308 - qtpyvcp.hal.hal_qlib - DEBUG - Adding HAL pin: qtpyvcp.1out16.flash (bit in)
2022-10-16 16:02:04,308 - qtpyvcp.hal.hal_qlib - DEBUG - Adding HAL pin: qtpyvcp.1out16.flash-rate (u32 in)
2022-10-16 16:02:04,309 - qtpyvcp.hal - DEBUG - Using existing HAL component: qtpyvcp
2022-10-16 16:02:04,309 - qtpyvcp.hal.hal_qlib - DEBUG - Adding HAL pin: qtpyvcp.2in2.on (bit in)
2022-10-16 16:02:04,309 - qtpyvcp.hal.hal_qlib - DEBUG - Adding HAL pin: qtpyvcp.2in2.flash (bit in)
2022-10-16 16:02:04,309 - qtpyvcp.hal.hal_qlib - DEBUG - Adding HAL pin: qtpyvcp.2in2.flash-rate (u32 in)
2022-10-16 16:02:04,310 - qtpyvcp.hal - DEBUG - Using existing HAL component: qtpyvcp
2022-10-16 16:02:04,310 - qtpyvcp.hal.hal_qlib - DEBUG - Adding HAL pin: qtpyvcp.2out7.on (bit in)
2022-10-16 16:02:04,310 - qtpyvcp.hal.hal_qlib - DEBUG - Adding HAL pin: qtpyvcp.2out7.flash (bit in)
2022-10-16 16:02:04,310 - qtpyvcp.hal.hal_qlib - DEBUG - Adding HAL pin: qtpyvcp.2out7.flash-rate (u32 in)
2022-10-16 16:02:04,310 - qtpyvcp.hal - DEBUG - Using existing HAL component: qtpyvcp
2022-10-16 16:02:04,310 - qtpyvcp.hal.hal_qlib - DEBUG - Adding HAL pin: qtpyvcp.2in23.on (bit in)
2022-10-16 16:02:04,311 - qtpyvcp.hal.hal_qlib - DEBUG - Adding HAL pin: qtpyvcp.2in23.flash (bit in)
2022-10-16 16:02:04,311 - qtpyvcp.hal.hal_qlib - DEBUG - Adding HAL pin: qtpyvcp.2in23.flash-rate (u32 in)
2022-10-16 16:02:04,311 - qtpyvcp.hal - DEBUG - Using existing HAL component: qtpyvcp
2022-10-16 16:02:04,311 - qtpyvcp.hal.hal_qlib - DEBUG - Adding HAL pin: qtpyvcp.2in24.on (bit in)
2022-10-16 16:02:04,311 - qtpyvcp.hal.hal_qlib - DEBUG - Adding HAL pin: qtpyvcp.2in24.flash (bit in)
2022-10-16 16:02:04,312 - qtpyvcp.hal.hal_qlib - DEBUG - Adding HAL pin: qtpyvcp.2in24.flash-rate (u32 in)
2022-10-16 16:02:04,314 - qtpyvcp.hal - DEBUG - Using existing HAL component: qtpyvcp
2022-10-16 16:02:04,314 - qtpyvcp.hal.hal_qlib - DEBUG - Adding HAL pin: qtpyvcp.1in1.on (bit in)
2022-10-16 16:02:04,314 - qtpyvcp.hal.hal_qlib - DEBUG - Adding HAL pin: qtpyvcp.1in1.flash (bit in)
2022-10-16 16:02:04,314 - qtpyvcp.hal.hal_qlib - DEBUG - Adding HAL pin: qtpyvcp.1in1.flash-rate (u32 in)
2022-10-16 16:02:04,314 - qtpyvcp.hal - DEBUG - Using existing HAL component: qtpyvcp
2022-10-16 16:02:04,314 - qtpyvcp.hal.hal_qlib - DEBUG - Adding HAL pin: qtpyvcp.1in17.on (bit in)
2022-10-16 16:02:04,315 - qtpyvcp.hal.hal_qlib - DEBUG - Adding HAL pin: qtpyvcp.1in17.flash (bit in)
2022-10-16 16:02:04,315 - qtpyvcp.hal.hal_qlib - DEBUG - Adding HAL pin: qtpyvcp.1in17.flash-rate (u32 in)
2022-10-16 16:02:04,315 - qtpyvcp.hal - DEBUG - Using existing HAL component: qtpyvcp
2022-10-16 16:02:04,315 - qtpyvcp.hal.hal_qlib - DEBUG - Adding HAL pin: qtpyvcp.2in3.on (bit in)
2022-10-16 16:02:04,316 - qtpyvcp.hal.hal_qlib - DEBUG - Adding HAL pin: qtpyvcp.2in3.flash (bit in)
2022-10-16 16:02:04,316 - qtpyvcp.hal.hal_qlib - DEBUG - Adding HAL pin: qtpyvcp.2in3.flash-rate (u32 in)
2022-10-16 16:02:04,317 - qtpyvcp.hal - DEBUG - Using existing HAL component: qtpyvcp
2022-10-16 16:02:04,317 - qtpyvcp.hal.hal_qlib - DEBUG - Adding HAL pin: qtpyvcp.1in4.on (bit in)
2022-10-16 16:02:04,317 - qtpyvcp.hal.hal_qlib - DEBUG - Adding HAL pin: qtpyvcp.1in4.flash (bit in)
2022-10-16 16:02:04,317 - qtpyvcp.hal.hal_qlib - DEBUG - Adding HAL pin: qtpyvcp.1in4.flash-rate (u32 in)
2022-10-16 16:02:04,317 - qtpyvcp.hal - DEBUG - Using existing HAL component: qtpyvcp
2022-10-16 16:02:04,318 - qtpyvcp.hal.hal_qlib - DEBUG - Adding HAL pin: qtpyvcp.2in8.on (bit in)
2022-10-16 16:02:04,318 - qtpyvcp.hal.hal_qlib - DEBUG - Adding HAL pin: qtpyvcp.2in8.flash (bit in)
2022-10-16 16:02:04,318 - qtpyvcp.hal.hal_qlib - DEBUG - Adding HAL pin: qtpyvcp.2in8.flash-rate (u32 in)
2022-10-16 16:02:04,318 - qtpyvcp.hal - DEBUG - Using existing HAL component: qtpyvcp
2022-10-16 16:02:04,318 - qtpyvcp.hal.hal_qlib - DEBUG - Adding HAL pin: qtpyvcp.2in15.on (bit in)
2022-10-16 16:02:04,319 - qtpyvcp.hal.hal_qlib - DEBUG - Adding HAL pin: qtpyvcp.2in15.flash (bit in)
2022-10-16 16:02:04,319 - qtpyvcp.hal.hal_qlib - DEBUG - Adding HAL pin: qtpyvcp.2in15.flash-rate (u32 in)
2022-10-16 16:02:04,319 - qtpyvcp.hal - DEBUG - Using existing HAL component: qtpyvcp
2022-10-16 16:02:04,320 - qtpyvcp.hal.hal_qlib - DEBUG - Adding HAL pin: qtpyvcp.2out14.on (bit in)
2022-10-16 16:02:04,320 - qtpyvcp.hal.hal_qlib - DEBUG - Adding HAL pin: qtpyvcp.2out14.flash (bit in)
2022-10-16 16:02:04,320 - qtpyvcp.hal.hal_qlib - DEBUG - Adding HAL pin: qtpyvcp.2out14.flash-rate (u32 in)
2022-10-16 16:02:04,320 - qtpyvcp.hal - DEBUG - Using existing HAL component: qtpyvcp
2022-10-16 16:02:04,320 - qtpyvcp.hal.hal_qlib - DEBUG - Adding HAL pin: qtpyvcp.probe-led.on (bit in)
2022-10-16 16:02:04,321 - qtpyvcp.hal.hal_qlib - DEBUG - Adding HAL pin: qtpyvcp.probe-led.flash (bit in)
2022-10-16 16:02:04,321 - qtpyvcp.hal.hal_qlib - DEBUG - Adding HAL pin: qtpyvcp.probe-led.flash-rate (u32 in)
2022-10-16 16:02:04,321 - qtpyvcp.hal - DEBUG - Using existing HAL component: qtpyvcp
2022-10-16 16:02:04,321 - qtpyvcp.hal.hal_qlib - DEBUG - Adding HAL pin: qtpyvcp.2in25.on (bit in)
2022-10-16 16:02:04,321 - qtpyvcp.hal.hal_qlib - DEBUG - Adding HAL pin: qtpyvcp.2in25.flash (bit in)
2022-10-16 16:02:04,321 - qtpyvcp.hal.hal_qlib - DEBUG - Adding HAL pin: qtpyvcp.2in25.flash-rate (u32 in)
2022-10-16 16:02:04,322 - qtpyvcp.hal - DEBUG - Using existing HAL component: qtpyvcp
2022-10-16 16:02:04,322 - qtpyvcp.hal.hal_qlib - DEBUG - Adding HAL pin: qtpyvcp.2in4.on (bit in)
2022-10-16 16:02:04,322 - qtpyvcp.hal.hal_qlib - DEBUG - Adding HAL pin: qtpyvcp.2in4.flash (bit in)
2022-10-16 16:02:04,323 - qtpyvcp.hal.hal_qlib - DEBUG - Adding HAL pin: qtpyvcp.2in4.flash-rate (u32 in)
2022-10-16 16:02:04,323 - qtpyvcp.hal - DEBUG - Using existing HAL component: qtpyvcp
2022-10-16 16:02:04,323 - qtpyvcp.hal.hal_qlib - DEBUG - Adding HAL pin: qtpyvcp.2out16.on (bit in)
2022-10-16 16:02:04,324 - qtpyvcp.hal.hal_qlib - DEBUG - Adding HAL pin: qtpyvcp.2out16.flash (bit in)
2022-10-16 16:02:04,324 - qtpyvcp.hal.hal_qlib - DEBUG - Adding HAL pin: qtpyvcp.2out16.flash-rate (u32 in)
2022-10-16 16:02:04,325 - qtpyvcp.hal - DEBUG - Using existing HAL component: qtpyvcp
2022-10-16 16:02:04,325 - qtpyvcp.hal.hal_qlib - DEBUG - Adding HAL pin: qtpyvcp.1out11.on (bit in)
2022-10-16 16:02:04,325 - qtpyvcp.hal.hal_qlib - DEBUG - Adding HAL pin: qtpyvcp.1out11.flash (bit in)
2022-10-16 16:02:04,325 - qtpyvcp.hal.hal_qlib - DEBUG - Adding HAL pin: qtpyvcp.1out11.flash-rate (u32 in)
2022-10-16 16:02:04,326 - qtpyvcp.hal - DEBUG - Using existing HAL component: qtpyvcp
2022-10-16 16:02:04,326 - qtpyvcp.hal.hal_qlib - DEBUG - Adding HAL pin: qtpyvcp.1in6.on (bit in)
2022-10-16 16:02:04,326 - qtpyvcp.hal.hal_qlib - DEBUG - Adding HAL pin: qtpyvcp.1in6.flash (bit in)
2022-10-16 16:02:04,326 - qtpyvcp.hal.hal_qlib - DEBUG - Adding HAL pin: qtpyvcp.1in6.flash-rate (u32 in)
2022-10-16 16:02:04,326 - qtpyvcp.hal - DEBUG - Using existing HAL component: qtpyvcp
2022-10-16 16:02:04,327 - qtpyvcp.hal.hal_qlib - DEBUG - Adding HAL pin: qtpyvcp.2out13.on (bit in)
2022-10-16 16:02:04,327 - qtpyvcp.hal.hal_qlib - DEBUG - Adding HAL pin: qtpyvcp.2out13.flash (bit in)
2022-10-16 16:02:04,327 - qtpyvcp.hal.hal_qlib - DEBUG - Adding HAL pin: qtpyvcp.2out13.flash-rate (u32 in)
2022-10-16 16:02:04,328 - qtpyvcp.hal - DEBUG - Using existing HAL component: qtpyvcp
2022-10-16 16:02:04,328 - qtpyvcp.hal.hal_qlib - DEBUG - Adding HAL pin: qtpyvcp.2in29.on (bit in)
2022-10-16 16:02:04,328 - qtpyvcp.hal.hal_qlib - DEBUG - Adding HAL pin: qtpyvcp.2in29.flash (bit in)
2022-10-16 16:02:04,328 - qtpyvcp.hal.hal_qlib - DEBUG - Adding HAL pin: qtpyvcp.2in29.flash-rate (u32 in)
2022-10-16 16:02:04,328 - qtpyvcp.hal - DEBUG - Using existing HAL component: qtpyvcp
2022-10-16 16:02:04,328 - qtpyvcp.hal.hal_qlib - DEBUG - Adding HAL pin: qtpyvcp.2in14.on (bit in)
2022-10-16 16:02:04,329 - qtpyvcp.hal.hal_qlib - DEBUG - Adding HAL pin: qtpyvcp.2in14.flash (bit in)
2022-10-16 16:02:04,329 - qtpyvcp.hal.hal_qlib - DEBUG - Adding HAL pin: qtpyvcp.2in14.flash-rate (u32 in)
2022-10-16 16:02:04,329 - qtpyvcp.hal - DEBUG - Using existing HAL component: qtpyvcp
2022-10-16 16:02:04,329 - qtpyvcp.hal.hal_qlib - DEBUG - Adding HAL pin: qtpyvcp.2in21.on (bit in)
2022-10-16 16:02:04,329 - qtpyvcp.hal.hal_qlib - DEBUG - Adding HAL pin: qtpyvcp.2in21.flash (bit in)
2022-10-16 16:02:04,329 - qtpyvcp.hal.hal_qlib - DEBUG - Adding HAL pin: qtpyvcp.2in21.flash-rate (u32 in)
2022-10-16 16:02:04,330 - qtpyvcp.hal - DEBUG - Using existing HAL component: qtpyvcp
2022-10-16 16:02:04,330 - qtpyvcp.hal.hal_qlib - DEBUG - Adding HAL pin: qtpyvcp.2out6.on (bit in)
2022-10-16 16:02:04,330 - qtpyvcp.hal.hal_qlib - DEBUG - Adding HAL pin: qtpyvcp.2out6.flash (bit in)
2022-10-16 16:02:04,331 - qtpyvcp.hal.hal_qlib - DEBUG - Adding HAL pin: qtpyvcp.2out6.flash-rate (u32 in)
2022-10-16 16:02:04,331 - qtpyvcp.hal - DEBUG - Using existing HAL component: qtpyvcp
2022-10-16 16:02:04,331 - qtpyvcp.hal.hal_qlib - DEBUG - Adding HAL pin: qtpyvcp.1in13.on (bit in)
2022-10-16 16:02:04,331 - qtpyvcp.hal.hal_qlib - DEBUG - Adding HAL pin: qtpyvcp.1in13.flash (bit in)
2022-10-16 16:02:04,331 - qtpyvcp.hal.hal_qlib - DEBUG - Adding HAL pin: qtpyvcp.1in13.flash-rate (u32 in)
2022-10-16 16:02:04,332 - qtpyvcp.hal - DEBUG - Using existing HAL component: qtpyvcp
2022-10-16 16:02:04,332 - qtpyvcp.hal.hal_qlib - DEBUG - Adding HAL pin: qtpyvcp.1out4.on (bit in)
2022-10-16 16:02:04,332 - qtpyvcp.hal.hal_qlib - DEBUG - Adding HAL pin: qtpyvcp.1out4.flash (bit in)
2022-10-16 16:02:04,332 - qtpyvcp.hal.hal_qlib - DEBUG - Adding HAL pin: qtpyvcp.1out4.flash-rate (u32 in)
2022-10-16 16:02:04,332 - qtpyvcp.hal - DEBUG - Using existing HAL component: qtpyvcp
2022-10-16 16:02:04,332 - qtpyvcp.hal.hal_qlib - DEBUG - Adding HAL pin: qtpyvcp.1in11.on (bit in)
2022-10-16 16:02:04,333 - qtpyvcp.hal.hal_qlib - DEBUG - Adding HAL pin: qtpyvcp.1in11.flash (bit in)
2022-10-16 16:02:04,333 - qtpyvcp.hal.hal_qlib - DEBUG - Adding HAL pin: qtpyvcp.1in11.flash-rate (u32 in)
2022-10-16 16:02:04,333 - qtpyvcp.hal - DEBUG - Using existing HAL component: qtpyvcp
2022-10-16 16:02:04,333 - qtpyvcp.hal.hal_qlib - DEBUG - Adding HAL pin: qtpyvcp.2in27.on (bit in)
2022-10-16 16:02:04,333 - qtpyvcp.hal.hal_qlib - DEBUG - Adding HAL pin: qtpyvcp.2in27.flash (bit in)
2022-10-16 16:02:04,334 - qtpyvcp.hal.hal_qlib - DEBUG - Adding HAL pin: qtpyvcp.2in27.flash-rate (u32 in)
2022-10-16 16:02:04,334 - qtpyvcp.hal - DEBUG - Using existing HAL component: qtpyvcp
2022-10-16 16:02:04,334 - qtpyvcp.hal.hal_qlib - DEBUG - Adding HAL pin: qtpyvcp.1in5.on (bit in)
2022-10-16 16:02:04,334 - qtpyvcp.hal.hal_qlib - DEBUG - Adding HAL pin: qtpyvcp.1in5.flash (bit in)
2022-10-16 16:02:04,334 - qtpyvcp.hal.hal_qlib - DEBUG - Adding HAL pin: qtpyvcp.1in5.flash-rate (u32 in)
2022-10-16 16:02:04,336 - qtpyvcp.app.launcher - DEBUG - Time: 6.121 (+0.295) - done initializing widgets
2022-10-16 16:02:04,336 - qtpyvcp.app.launcher - INFO - Loading POSTGUI_HALFILE: /home/forgedauthority/linuxcnc/configs/config/probe_basic/hallib/time.hal
2022-10-16 16:02:04,468 - qtpyvcp.actions.program_actions - DEBUG - Loading NC program: /home/forgedauthority/linuxcnc/nc_files/pb_examples/blank.ngc
2022-10-16 16:02:04,780 - qtpyvcp.plugins.offset_table - DEBUG - Params file changed: /home/forgedauthority/linuxcnc/configs/config/probe_basic/sim.var
2022-10-16 16:02:04,784 - qtpyvcp.widgets.input_widgets.gcode_text_edit - INFO - File encoding: ascii
2022-10-16 16:02:04,786 - qtpyvcp.widgets.display_widgets.vtk_backplot.vtk_backplot - DEBUG - -------load_program
2022-10-16 16:02:04,792 - qtpyvcp.widgets.display_widgets.vtk_backplot.vtk_canon - DEBUG - ---------received wcs change: 0
2022-10-16 16:02:04,800 - qtpyvcp.widgets.display_widgets.vtk_backplot.vtk_canon - DEBUG - G-code Comment: interpreter: feed mode set to units per minute
2022-10-16 16:02:04,801 - qtpyvcp.widgets.display_widgets.vtk_backplot.vtk_canon - DEBUG - G-code Comment: interpreter: cutter radius compensation off
2022-10-16 16:02:04,801 - qtpyvcp.widgets.display_widgets.vtk_backplot.vtk_canon - DEBUG - G-code Comment: interpreter: continuing to use same coordinate system
2022-10-16 16:02:04,801 - qtpyvcp.widgets.display_widgets.vtk_backplot.vtk_canon - DEBUG - G-code Comment: interpreter: retract mode set to old_z
2022-10-16 16:02:04,801 - qtpyvcp.widgets.display_widgets.vtk_backplot.vtk_canon - DEBUG - G-code Comment: interpreter: motion mode set to none
2022-10-16 16:02:04,801 - qtpyvcp.widgets.display_widgets.vtk_backplot.vtk_canon - DEBUG - G-code Comment: New Program
2022-10-16 16:02:04,801 - qtpyvcp.widgets.display_widgets.vtk_backplot.vtk_canon - DEBUG - ---------received wcs change: 0
2022-10-16 16:02:04,802 - qtpyvcp.widgets.display_widgets.vtk_backplot.vtk_backplot - DEBUG - -------Load time 0.01587843894958496 seconds ---
2022-10-16 16:02:04,802 - qtpyvcp.widgets.display_widgets.vtk_backplot.vtk_canon - DEBUG - ---------path points size: 392
2022-10-16 16:02:04,802 - qtpyvcp.widgets.display_widgets.vtk_backplot.vtk_canon - DEBUG - ---------path points length: 1
2022-10-16 16:02:04,802 - qtpyvcp.widgets.display_widgets.vtk_backplot.vtk_backplot - DEBUG - -------Draw time 0.016552448272705078 seconds ---
2022-10-16 16:02:04,803 - qtpyvcp.widgets.display_widgets.vtk_backplot.vtk_backplot - DEBUG - ---------wcs_offsets: {0: [0.0, 0.0, 0.0, 0.0, 0.0, 0.0, 0.0, 0.0, 0.0, 0.0], 1: [0.0, 0.0, 0.0, 0.0, 0.0, 0.0, 0.0, 0.0, 0.0, 0.0], 2: [0.0, 0.0, 0.0, 0.0, 0.0, 0.0, 0.0, 0.0, 0.0, 0.0], 3: [0.0, 0.0, 0.0, 0.0, 0.0, 0.0, 0.0, 0.0, 0.0, 0.0], 4: [0.0, 0.0, 0.0, 0.0, 0.0, 0.0, 0.0, 0.0, 0.0, 0.0], 5: [0.0, 0.0, 0.0, 0.0, 0.0, 0.0, 0.0, 0.0, 0.0, 0.0], 6: [0.0, 0.0, 0.0, 0.0, 0.0, 0.0, 0.0, 0.0, 0.0, 0.0], 7: [0.0, 0.0, 0.0, 0.0, 0.0, 0.0, 0.0, 0.0, 0.0, 0.0], 8: [0.0, 0.0, 0.0, 0.0, 0.0, 0.0, 0.0, 0.0, 0.0, 0.0]}
2022-10-16 16:02:04,803 - qtpyvcp.widgets.display_widgets.vtk_backplot.vtk_backplot - DEBUG - ---------wcs_index: 0
2022-10-16 16:02:04,803 - qtpyvcp.widgets.display_widgets.vtk_backplot.vtk_backplot - DEBUG - ---------current_offsets: [0.0, 0.0, 0.0, 0.0, 0.0, 0.0, 0.0, 0.0, 0.0, 0.0]
2022-10-16 16:02:04,803 - qtpyvcp.widgets.display_widgets.vtk_backplot.vtk_backplot - DEBUG - ---------current_position: 0.0
2022-10-16 16:02:04,824 - qtpyvcp.widgets.input_widgets.gcode_text_edit - INFO - File encoding: ascii
2022-10-16 16:02:04,913 - qtpyvcp.widgets.display_widgets.vtk_backplot.vtk_backplot - DEBUG - on_offset_table_changed
2022-10-16 16:02:32,002 - qtpyvcp - DEBUG - Terminating widgets
2022-10-16 16:02:32,013 - qtpyvcp.plugins - DEBUG - Terminating 'virtual_input' plugin
2022-10-16 16:02:32,013 - qtpyvcp.plugins - DEBUG - Terminating 'file_locations' plugin
2022-10-16 16:02:32,014 - qtpyvcp.plugins - DEBUG - Terminating 'notifications' plugin
2022-10-16 16:02:32,014 - qtpyvcp.plugins - DEBUG - Terminating 'offsettable' plugin
2022-10-16 16:02:32,014 - qtpyvcp.plugins - DEBUG - Terminating 'tooltable' plugin
2022-10-16 16:02:32,014 - qtpyvcp.plugins - DEBUG - Terminating 'position' plugin
2022-10-16 16:02:32,014 - qtpyvcp.plugins - DEBUG - Terminating 'settings' plugin
2022-10-16 16:02:32,014 - qtpyvcp.plugins - DEBUG - Terminating 'persistent_data_manager' plugin
2022-10-16 16:02:32,015 - qtpyvcp.plugins.persistent_data_manager - DEBUG - Writing persistent data to file: /home/forgedauthority/linuxcnc/configs/config/probe_basic/.vcp_persistent_data.pickle
2022-10-16 16:02:32,016 - qtpyvcp.plugins - DEBUG - Terminating 'status' plugin
